SF:C:\Users\hallong.hallong-PC3\Documents\augment-projects\installer-analysis\src\analyzers\archive\analyzer.rs
FN:39,_RNCNCNvMNtNtNtCs2d2tQKB902M_18installer_analyzer9analyzers7archive8analyzerNtB6_15ArchiveAnalyzer24extract_archive_metadata00Bc_
FN:40,_RNCNCNvMNtNtNtCs2d2tQKB902M_18installer_analyzer9analyzers7archive8analyzerNtB6_15ArchiveAnalyzer24extract_archive_metadata0s_0Bc_
FN:24,_RNCNvMNtNtNtCs2d2tQKB902M_18installer_analyzer9analyzers7archive8analyzerNtB4_15ArchiveAnalyzer20is_supported_archive0Ba_
FN:72,_RNCNvMNtNtNtCs2d2tQKB902M_18installer_analyzer9analyzers7archive8analyzerNtB4_15ArchiveAnalyzer21extract_archive_files0Ba_
FN:29,_RNCNvMNtNtNtCs2d2tQKB902M_18installer_analyzer9analyzers7archive8analyzerNtB4_15ArchiveAnalyzer24extract_archive_metadata0Ba_
FN:83,_RNCNvMNtNtNtCs2d2tQKB902M_18installer_analyzer9analyzers7archive8analyzerNtB4_15ArchiveAnalyzer24extract_archive_registry0Ba_
FN:92,_RNCNvXs0_NtNtNtCs2d2tQKB902M_18installer_analyzer9analyzers7archive8analyzerNtB7_15ArchiveAnalyzerNtBb_17InstallerAnalyzer11can_analyze0Bd_
FN:112,_RNCNvXs0_NtNtNtCs2d2tQKB902M_18installer_analyzer9analyzers7archive8analyzerNtB7_15ArchiveAnalyzerNtBb_17InstallerAnalyzer13extract_files0Bd_
FN:105,_RNCNvXs0_NtNtNtCs2d2tQKB902M_18installer_analyzer9analyzers7archive8analyzerNtB7_15ArchiveAnalyzerNtBb_17InstallerAnalyzer16extract_metadata0Bd_
FN:122,_RNCNvXs0_NtNtNtCs2d2tQKB902M_18installer_analyzer9analyzers7archive8analyzerNtB7_15ArchiveAnalyzerNtBb_17InstallerAnalyzer27extract_registry_operations0Bd_
FN:24,_RNvMNtNtNtCs2d2tQKB902M_18installer_analyzer9analyzers7archive8analyzerNtB2_15ArchiveAnalyzer20is_supported_archive
FN:72,_RNvMNtNtNtCs2d2tQKB902M_18installer_analyzer9analyzers7archive8analyzerNtB2_15ArchiveAnalyzer21extract_archive_files
FN:29,_RNvMNtNtNtCs2d2tQKB902M_18installer_analyzer9analyzers7archive8analyzerNtB2_15ArchiveAnalyzer24extract_archive_metadata
FN:83,_RNvMNtNtNtCs2d2tQKB902M_18installer_analyzer9analyzers7archive8analyzerNtB2_15ArchiveAnalyzer24extract_archive_registry
FN:17,_RNvMNtNtNtCs2d2tQKB902M_18installer_analyzer9analyzers7archive8analyzerNtB2_15ArchiveAnalyzer3new
FN:98,_RNvXs0_NtNtNtCs2d2tQKB902M_18installer_analyzer9analyzers7archive8analyzerNtB5_15ArchiveAnalyzerNtB9_17InstallerAnalyzer11can_analyze
FN:117,_RNvXs0_NtNtNtCs2d2tQKB902M_18installer_analyzer9analyzers7archive8analyzerNtB5_15ArchiveAnalyzerNtB9_17InstallerAnalyzer13extract_files
FN:110,_RNvXs0_NtNtNtCs2d2tQKB902M_18installer_analyzer9analyzers7archive8analyzerNtB5_15ArchiveAnalyzerNtB9_17InstallerAnalyzer16extract_metadata
FN:127,_RNvXs0_NtNtNtCs2d2tQKB902M_18installer_analyzer9analyzers7archive8analyzerNtB5_15ArchiveAnalyzerNtB9_17InstallerAnalyzer27extract_registry_operations
FN:100,_RNvXs0_NtNtNtCs2d2tQKB902M_18installer_analyzer9analyzers7archive8analyzerNtB5_15ArchiveAnalyzerNtB9_17InstallerAnalyzer6format
FN:131,_RNvXs_NtNtNtCs2d2tQKB902M_18installer_analyzer9analyzers7archive8analyzerNtB4_15ArchiveAnalyzerNtNtCsaDtq73Zt8sT_4core7default7Default7default
FNDA:0,_RNCNCNvMNtNtNtCs2d2tQKB902M_18installer_analyzer9analyzers7archive8analyzerNtB6_15ArchiveAnalyzer24extract_archive_metadata00Bc_
FNDA:0,_RNCNCNvMNtNtNtCs2d2tQKB902M_18installer_analyzer9analyzers7archive8analyzerNtB6_15ArchiveAnalyzer24extract_archive_metadata0s_0Bc_
FNDA:0,_RNCNvMNtNtNtCs2d2tQKB902M_18installer_analyzer9analyzers7archive8analyzerNtB4_15ArchiveAnalyzer20is_supported_archive0Ba_
FNDA:0,_RNCNvMNtNtNtCs2d2tQKB902M_18installer_analyzer9analyzers7archive8analyzerNtB4_15ArchiveAnalyzer21extract_archive_files0Ba_
FNDA:0,_RNCNvMNtNtNtCs2d2tQKB902M_18installer_analyzer9analyzers7archive8analyzerNtB4_15ArchiveAnalyzer24extract_archive_metadata0Ba_
FNDA:0,_RNCNvMNtNtNtCs2d2tQKB902M_18installer_analyzer9analyzers7archive8analyzerNtB4_15ArchiveAnalyzer24extract_archive_registry0Ba_
FNDA:0,_RNCNvXs0_NtNtNtCs2d2tQKB902M_18installer_analyzer9analyzers7archive8analyzerNtB7_15ArchiveAnalyzerNtBb_17InstallerAnalyzer11can_analyze0Bd_
FNDA:0,_RNCNvXs0_NtNtNtCs2d2tQKB902M_18installer_analyzer9analyzers7archive8analyzerNtB7_15ArchiveAnalyzerNtBb_17InstallerAnalyzer13extract_files0Bd_
FNDA:0,_RNCNvXs0_NtNtNtCs2d2tQKB902M_18installer_analyzer9analyzers7archive8analyzerNtB7_15ArchiveAnalyzerNtBb_17InstallerAnalyzer16extract_metadata0Bd_
FNDA:0,_RNCNvXs0_NtNtNtCs2d2tQKB902M_18installer_analyzer9analyzers7archive8analyzerNtB7_15ArchiveAnalyzerNtBb_17InstallerAnalyzer27extract_registry_operations0Bd_
FNDA:0,_RNvMNtNtNtCs2d2tQKB902M_18installer_analyzer9analyzers7archive8analyzerNtB2_15ArchiveAnalyzer20is_supported_archive
FNDA:0,_RNvMNtNtNtCs2d2tQKB902M_18installer_analyzer9analyzers7archive8analyzerNtB2_15ArchiveAnalyzer21extract_archive_files
FNDA:0,_RNvMNtNtNtCs2d2tQKB902M_18installer_analyzer9analyzers7archive8analyzerNtB2_15ArchiveAnalyzer24extract_archive_metadata
FNDA:0,_RNvMNtNtNtCs2d2tQKB902M_18installer_analyzer9analyzers7archive8analyzerNtB2_15ArchiveAnalyzer24extract_archive_registry
FNDA:0,_RNvMNtNtNtCs2d2tQKB902M_18installer_analyzer9analyzers7archive8analyzerNtB2_15ArchiveAnalyzer3new
FNDA:0,_RNvXs0_NtNtNtCs2d2tQKB902M_18installer_analyzer9analyzers7archive8analyzerNtB5_15ArchiveAnalyzerNtB9_17InstallerAnalyzer11can_analyze
FNDA:0,_RNvXs0_NtNtNtCs2d2tQKB902M_18installer_analyzer9analyzers7archive8analyzerNtB5_15ArchiveAnalyzerNtB9_17InstallerAnalyzer13extract_files
FNDA:0,_RNvXs0_NtNtNtCs2d2tQKB902M_18installer_analyzer9analyzers7archive8analyzerNtB5_15ArchiveAnalyzerNtB9_17InstallerAnalyzer16extract_metadata
FNDA:0,_RNvXs0_NtNtNtCs2d2tQKB902M_18installer_analyzer9analyzers7archive8analyzerNtB5_15ArchiveAnalyzerNtB9_17InstallerAnalyzer27extract_registry_operations
FNDA:0,_RNvXs0_NtNtNtCs2d2tQKB902M_18installer_analyzer9analyzers7archive8analyzerNtB5_15ArchiveAnalyzerNtB9_17InstallerAnalyzer6format
FNDA:0,_RNvXs_NtNtNtCs2d2tQKB902M_18installer_analyzer9analyzers7archive8analyzerNtB4_15ArchiveAnalyzerNtNtCsaDtq73Zt8sT_4core7default7Default7default
FNF:21
FNH:0
DA:17,0
DA:18,0
DA:19,0
DA:20,0
DA:21,0
DA:24,0
DA:25,0
DA:26,0
DA:29,0
DA:30,0
DA:31,0
DA:34,0
DA:37,0
DA:38,0
DA:39,0
DA:40,0
DA:41,0
DA:42,0
DA:45,0
DA:46,0
DA:47,0
DA:48,0
DA:52,0
DA:53,0
DA:54,0
DA:55,0
DA:56,0
DA:57,0
DA:58,0
DA:59,0
DA:60,0
DA:61,0
DA:62,0
DA:63,0
DA:64,0
DA:65,0
DA:66,0
DA:67,0
DA:68,0
DA:69,0
DA:72,0
DA:73,0
DA:75,0
DA:77,0
DA:79,0
DA:80,0
DA:83,0
DA:84,0
DA:85,0
DA:86,0
DA:87,0
DA:92,0
DA:94,0
DA:97,0
DA:98,0
DA:100,0
DA:101,0
DA:102,0
DA:103,0
DA:105,0
DA:107,0
DA:109,0
DA:110,0
DA:112,0
DA:114,0
DA:116,0
DA:117,0
DA:122,0
DA:124,0
DA:126,0
DA:127,0
DA:131,0
DA:132,0
DA:133,0
BRF:0
BRH:0
LF:84
LH:0
end_of_record
SF:C:\Users\hallong.hallong-PC3\Documents\augment-projects\installer-analysis\src\analyzers\archive\parser.rs
FN:172,_RNCNCNvMNtNtNtCs2d2tQKB902M_18installer_analyzer9analyzers7archive6parserNtB6_13ArchiveParser16extract_metadata00Bc_
FN:39,_RNCNvMNtNtNtCs2d2tQKB902M_18installer_analyzer9analyzers7archive6parserNtB4_13ArchiveParser13detect_format0Ba_
FN:120,_RNCNvMNtNtNtCs2d2tQKB902M_18installer_analyzer9analyzers7archive6parserNtB4_13ArchiveParser13extract_files0Ba_
FN:65,_RNCNvMNtNtNtCs2d2tQKB902M_18installer_analyzer9analyzers7archive6parserNtB4_13ArchiveParser15is_archive_file0Ba_
FN:158,_RNCNvMNtNtNtCs2d2tQKB902M_18installer_analyzer9analyzers7archive6parserNtB4_13ArchiveParser16extract_metadata0Ba_
FN:74,_RNCNvMNtNtNtCs2d2tQKB902M_18installer_analyzer9analyzers7archive6parserNtB4_13ArchiveParser17extract_zip_files0Ba_
FN:79,_RNCNvMNtNtNtCs2d2tQKB902M_18installer_analyzer9analyzers7archive6parserNtB4_13ArchiveParser17extract_zip_filess_0Ba_
FN:39,_RNvMNtNtNtCs2d2tQKB902M_18installer_analyzer9analyzers7archive6parserNtB2_13ArchiveParser13detect_format
FN:120,_RNvMNtNtNtCs2d2tQKB902M_18installer_analyzer9analyzers7archive6parserNtB2_13ArchiveParser13extract_files
FN:65,_RNvMNtNtNtCs2d2tQKB902M_18installer_analyzer9analyzers7archive6parserNtB2_13ArchiveParser15is_archive_file
FN:98,_RNvMNtNtNtCs2d2tQKB902M_18installer_analyzer9analyzers7archive6parserNtB2_13ArchiveParser16extract_7z_files
FN:158,_RNvMNtNtNtCs2d2tQKB902M_18installer_analyzer9analyzers7archive6parserNtB2_13ArchiveParser16extract_metadata
FN:71,_RNvMNtNtNtCs2d2tQKB902M_18installer_analyzer9analyzers7archive6parserNtB2_13ArchiveParser17extract_zip_files
FN:34,_RNvMNtNtNtCs2d2tQKB902M_18installer_analyzer9analyzers7archive6parserNtB2_13ArchiveParser3new
FN:192,_RNvXs_NtNtNtCs2d2tQKB902M_18installer_analyzer9analyzers7archive6parserNtB4_13ArchiveParserNtNtCsaDtq73Zt8sT_4core7default7Default7default
FNDA:0,_RNCNCNvMNtNtNtCs2d2tQKB902M_18installer_analyzer9analyzers7archive6parserNtB6_13ArchiveParser16extract_metadata00Bc_
FNDA:0,_RNCNvMNtNtNtCs2d2tQKB902M_18installer_analyzer9analyzers7archive6parserNtB4_13ArchiveParser13detect_format0Ba_
FNDA:0,_RNCNvMNtNtNtCs2d2tQKB902M_18installer_analyzer9analyzers7archive6parserNtB4_13ArchiveParser13extract_files0Ba_
FNDA:0,_RNCNvMNtNtNtCs2d2tQKB902M_18installer_analyzer9analyzers7archive6parserNtB4_13ArchiveParser15is_archive_file0Ba_
FNDA:0,_RNCNvMNtNtNtCs2d2tQKB902M_18installer_analyzer9analyzers7archive6parserNtB4_13ArchiveParser16extract_metadata0Ba_
FNDA:0,_RNCNvMNtNtNtCs2d2tQKB902M_18installer_analyzer9analyzers7archive6parserNtB4_13ArchiveParser17extract_zip_files0Ba_
FNDA:0,_RNCNvMNtNtNtCs2d2tQKB902M_18installer_analyzer9analyzers7archive6parserNtB4_13ArchiveParser17extract_zip_filess_0Ba_
FNDA:0,_RNvMNtNtNtCs2d2tQKB902M_18installer_analyzer9analyzers7archive6parserNtB2_13ArchiveParser13detect_format
FNDA:0,_RNvMNtNtNtCs2d2tQKB902M_18installer_analyzer9analyzers7archive6parserNtB2_13ArchiveParser13extract_files
FNDA:0,_RNvMNtNtNtCs2d2tQKB902M_18installer_analyzer9analyzers7archive6parserNtB2_13ArchiveParser15is_archive_file
FNDA:0,_RNvMNtNtNtCs2d2tQKB902M_18installer_analyzer9analyzers7archive6parserNtB2_13ArchiveParser16extract_7z_files
FNDA:0,_RNvMNtNtNtCs2d2tQKB902M_18installer_analyzer9analyzers7archive6parserNtB2_13ArchiveParser16extract_metadata
FNDA:0,_RNvMNtNtNtCs2d2tQKB902M_18installer_analyzer9analyzers7archive6parserNtB2_13ArchiveParser17extract_zip_files
FNDA:0,_RNvMNtNtNtCs2d2tQKB902M_18installer_analyzer9analyzers7archive6parserNtB2_13ArchiveParser3new
FNDA:0,_RNvXs_NtNtNtCs2d2tQKB902M_18installer_analyzer9analyzers7archive6parserNtB4_13ArchiveParserNtNtCsaDtq73Zt8sT_4core7default7Default7default
FNF:15
FNH:0
DA:34,0
DA:35,0
DA:36,0
DA:39,0
DA:40,0
DA:42,0
DA:44,0
DA:45,0
DA:46,0
DA:47,0
DA:48,0
DA:49,0
DA:50,0
DA:51,0
DA:52,0
DA:53,0
DA:54,0
DA:55,0
DA:57,0
DA:58,0
DA:59,0
DA:61,0
DA:62,0
DA:65,0
DA:66,0
DA:67,0
DA:68,0
DA:71,0
DA:72,0
DA:73,0
DA:74,0
DA:76,0
DA:78,0
DA:79,0
DA:80,0
DA:81,0
DA:83,0
DA:84,0
DA:85,0
DA:86,0
DA:87,0
DA:88,0
DA:89,0
DA:90,0
DA:91,0
DA:94,0
DA:95,0
DA:98,0
DA:101,0
DA:102,0
DA:103,0
DA:104,0
DA:105,0
DA:106,0
DA:107,0
DA:108,0
DA:109,0
DA:110,0
DA:111,0
DA:112,0
DA:113,0
DA:114,0
DA:115,0
DA:116,0
DA:117,0
DA:120,0
DA:121,0
DA:123,0
DA:124,0
DA:125,0
DA:127,0
DA:128,0
DA:129,0
DA:130,0
DA:135,0
DA:136,0
DA:137,0
DA:138,0
DA:139,0
DA:140,0
DA:141,0
DA:142,0
DA:143,0
DA:144,0
DA:145,0
DA:146,0
DA:147,0
DA:149,0
DA:151,0
DA:154,0
DA:155,0
DA:158,0
DA:159,0
DA:161,0
DA:162,0
DA:164,0
DA:165,0
DA:168,0
DA:169,0
DA:170,0
DA:171,0
DA:172,0
DA:173,0
DA:174,0
DA:175,0
DA:176,0
DA:177,0
DA:178,0
DA:179,0
DA:180,0
DA:181,0
DA:182,0
DA:183,0
DA:184,0
DA:185,0
DA:187,0
DA:188,0
DA:192,0
DA:193,0
DA:194,0
BRF:0
BRH:0
LF:128
LH:0
end_of_record
SF:C:\Users\hallong.hallong-PC3\Documents\augment-projects\installer-analysis\src\analyzers\common.rs
FN:69,_RNCNvNtNtCs2d2tQKB902M_18installer_analyzer9analyzers6common10is_pe_file0B7_
FN:18,_RNCNvNtNtCs2d2tQKB902M_18installer_analyzer9analyzers6common13get_file_size0B7_
FN:24,_RNCNvNtNtCs2d2tQKB902M_18installer_analyzer9analyzers6common13validate_file0B7_
FN:214,_RNCNvNtNtCs2d2tQKB902M_18installer_analyzer9analyzers6common15is_archive_file0B7_
FN:60,_RNCNvNtNtCs2d2tQKB902M_18installer_analyzer9analyzers6common16read_file_header0B7_
FN:9,_RNCNvNtNtCs2d2tQKB902M_18installer_analyzer9analyzers6common19calculate_file_hash0B7_
FN:92,_RNCNvNtNtCs2d2tQKB902M_18installer_analyzer9analyzers6common19search_file_content0B7_
FN:240,_RNCNvNtNtCs2d2tQKB902M_18installer_analyzer9analyzers6common21detect_archive_format0B7_
FN:152,_RNCNvNtNtCs2d2tQKB902M_18installer_analyzer9analyzers6common23detect_installer_format0B7_
FN:81,_RNCNvNtNtCs2d2tQKB902M_18installer_analyzer9analyzers6common23read_file_content_range0B7_
FN:171,_RNCNvNtNtCs2d2tQKB902M_18installer_analyzer9analyzers6common26detect_pe_installer_format0B7_
FN:69,_RNvNtNtCs2d2tQKB902M_18installer_analyzer9analyzers6common10is_pe_file
FN:18,_RNvNtNtCs2d2tQKB902M_18installer_analyzer9analyzers6common13get_file_size
FN:24,_RNvNtNtCs2d2tQKB902M_18installer_analyzer9analyzers6common13validate_file
FN:214,_RNvNtNtCs2d2tQKB902M_18installer_analyzer9analyzers6common15is_archive_file
FN:60,_RNvNtNtCs2d2tQKB902M_18installer_analyzer9analyzers6common16read_file_header
FN:9,_RNvNtNtCs2d2tQKB902M_18installer_analyzer9analyzers6common19calculate_file_hash
FN:92,_RNvNtNtCs2d2tQKB902M_18installer_analyzer9analyzers6common19search_file_content
FN:240,_RNvNtNtCs2d2tQKB902M_18installer_analyzer9analyzers6common21detect_archive_format
FN:152,_RNvNtNtCs2d2tQKB902M_18installer_analyzer9analyzers6common23detect_installer_format
FN:81,_RNvNtNtCs2d2tQKB902M_18installer_analyzer9analyzers6common23read_file_content_range
FN:46,_RNvNtNtCs2d2tQKB902M_18installer_analyzer9analyzers6common26detect_format_by_extension
FN:171,_RNvNtNtCs2d2tQKB902M_18installer_analyzer9analyzers6common26detect_pe_installer_format
FNDA:0,_RNCNvNtNtCs2d2tQKB902M_18installer_analyzer9analyzers6common10is_pe_file0B7_
FNDA:0,_RNCNvNtNtCs2d2tQKB902M_18installer_analyzer9analyzers6common13get_file_size0B7_
FNDA:0,_RNCNvNtNtCs2d2tQKB902M_18installer_analyzer9analyzers6common13validate_file0B7_
FNDA:0,_RNCNvNtNtCs2d2tQKB902M_18installer_analyzer9analyzers6common15is_archive_file0B7_
FNDA:0,_RNCNvNtNtCs2d2tQKB902M_18installer_analyzer9analyzers6common16read_file_header0B7_
FNDA:0,_RNCNvNtNtCs2d2tQKB902M_18installer_analyzer9analyzers6common19calculate_file_hash0B7_
FNDA:0,_RNCNvNtNtCs2d2tQKB902M_18installer_analyzer9analyzers6common19search_file_content0B7_
FNDA:0,_RNCNvNtNtCs2d2tQKB902M_18installer_analyzer9analyzers6common21detect_archive_format0B7_
FNDA:0,_RNCNvNtNtCs2d2tQKB902M_18installer_analyzer9analyzers6common23detect_installer_format0B7_
FNDA:0,_RNCNvNtNtCs2d2tQKB902M_18installer_analyzer9analyzers6common23read_file_content_range0B7_
FNDA:0,_RNCNvNtNtCs2d2tQKB902M_18installer_analyzer9analyzers6common26detect_pe_installer_format0B7_
FNDA:0,_RNvNtNtCs2d2tQKB902M_18installer_analyzer9analyzers6common10is_pe_file
FNDA:0,_RNvNtNtCs2d2tQKB902M_18installer_analyzer9analyzers6common13get_file_size
FNDA:0,_RNvNtNtCs2d2tQKB902M_18installer_analyzer9analyzers6common13validate_file
FNDA:0,_RNvNtNtCs2d2tQKB902M_18installer_analyzer9analyzers6common15is_archive_file
FNDA:0,_RNvNtNtCs2d2tQKB902M_18installer_analyzer9analyzers6common16read_file_header
FNDA:0,_RNvNtNtCs2d2tQKB902M_18installer_analyzer9analyzers6common19calculate_file_hash
FNDA:0,_RNvNtNtCs2d2tQKB902M_18installer_analyzer9analyzers6common19search_file_content
FNDA:0,_RNvNtNtCs2d2tQKB902M_18installer_analyzer9analyzers6common21detect_archive_format
FNDA:0,_RNvNtNtCs2d2tQKB902M_18installer_analyzer9analyzers6common23detect_installer_format
FNDA:0,_RNvNtNtCs2d2tQKB902M_18installer_analyzer9analyzers6common23read_file_content_range
FNDA:0,_RNvNtNtCs2d2tQKB902M_18installer_analyzer9analyzers6common26detect_format_by_extension
FNDA:0,_RNvNtNtCs2d2tQKB902M_18installer_analyzer9analyzers6common26detect_pe_installer_format
FNF:23
FNH:0
DA:9,0
DA:10,0
DA:11,0
DA:12,0
DA:13,0
DA:14,0
DA:15,0
DA:18,0
DA:19,0
DA:20,0
DA:21,0
DA:24,0
DA:25,0
DA:26,0
DA:27,0
DA:28,0
DA:29,0
DA:30,0
DA:31,0
DA:32,0
DA:33,0
DA:34,0
DA:37,0
DA:38,0
DA:40,0
DA:42,0
DA:43,0
DA:46,0
DA:47,0
DA:48,0
DA:49,0
DA:52,0
DA:54,0
DA:55,0
DA:57,0
DA:60,0
DA:61,0
DA:62,0
DA:63,0
DA:64,0
DA:65,0
DA:66,0
DA:69,0
DA:70,0
DA:72,0
DA:74,0
DA:76,0
DA:78,0
DA:81,0
DA:82,0
DA:83,0
DA:85,0
DA:86,0
DA:87,0
DA:88,0
DA:89,0
DA:92,0
DA:96,0
DA:97,0
DA:98,0
DA:99,0
DA:100,0
DA:102,0
DA:104,0
DA:105,0
DA:106,0
DA:107,0
DA:108,0
DA:109,0
DA:110,0
DA:111,0
DA:112,0
DA:113,0
DA:114,0
DA:115,0
DA:116,0
DA:117,0
DA:118,0
DA:121,0
DA:122,0
DA:123,0
DA:124,0
DA:125,0
DA:129,0
DA:130,0
DA:131,0
DA:133,0
DA:135,0
DA:136,0
DA:137,0
DA:138,0
DA:140,0
DA:141,0
DA:142,0
DA:143,0
DA:144,0
DA:145,0
DA:148,0
DA:149,0
DA:152,0
DA:154,0
DA:155,0
DA:156,0
DA:157,0
DA:158,0
DA:159,0
DA:160,0
DA:161,0
DA:162,0
DA:163,0
DA:164,0
DA:165,0
DA:166,0
DA:167,0
DA:168,0
DA:171,0
DA:172,0
DA:173,0
DA:174,0
DA:175,0
DA:176,0
DA:179,0
DA:180,0
DA:181,0
DA:182,0
DA:185,0
DA:186,0
DA:187,0
DA:188,0
DA:189,0
DA:190,0
DA:193,0
DA:194,0
DA:195,0
DA:196,0
DA:199,0
DA:200,0
DA:201,0
DA:202,0
DA:205,0
DA:206,0
DA:207,0
DA:209,0
DA:211,0
DA:214,0
DA:215,0
DA:217,0
DA:219,0
DA:220,0
DA:221,0
DA:222,0
DA:223,0
DA:224,0
DA:225,0
DA:226,0
DA:227,0
DA:228,0
DA:229,0
DA:230,0
DA:232,0
DA:233,0
DA:234,0
DA:236,0
DA:237,0
DA:240,0
DA:241,0
DA:243,0
DA:245,0
DA:246,0
DA:247,0
DA:248,0
DA:249,0
DA:250,0
DA:251,0
DA:252,0
DA:253,0
DA:254,0
DA:255,0
DA:256,0
DA:258,0
DA:259,0
DA:260,0
DA:262,0
DA:263,0
DA:264,0
DA:265,0
DA:266,0
BRF:0
BRH:0
LF:198
LH:0
end_of_record
SF:C:\Users\hallong.hallong-PC3\Documents\augment-projects\installer-analysis\src\analyzers\inno\analyzer.rs
FN:66,_RNCNCNCNvMNtNtNtCs2d2tQKB902M_18installer_analyzer9analyzers4inno8analyzerNtB8_12InnoAnalyzer21extract_inno_metadata000Be_
FN:77,_RNCNCNCNvMNtNtNtCs2d2tQKB902M_18installer_analyzer9analyzers4inno8analyzerNtB8_12InnoAnalyzer21extract_inno_metadata00s0_0Be_
FN:67,_RNCNCNCNvMNtNtNtCs2d2tQKB902M_18installer_analyzer9analyzers4inno8analyzerNtB8_12InnoAnalyzer21extract_inno_metadata00s_0Be_
FN:62,_RNCNCNvMNtNtNtCs2d2tQKB902M_18installer_analyzer9analyzers4inno8analyzerNtB6_12InnoAnalyzer21extract_inno_metadata00Bc_
FN:88,_RNCNCNvMNtNtNtCs2d2tQKB902M_18installer_analyzer9analyzers4inno8analyzerNtB6_12InnoAnalyzer21extract_inno_metadata0s0_0Bc_
FN:83,_RNCNCNvMNtNtNtCs2d2tQKB902M_18installer_analyzer9analyzers4inno8analyzerNtB6_12InnoAnalyzer21extract_inno_metadata0s_0Bc_
FN:111,_RNCNvMNtNtNtCs2d2tQKB902M_18installer_analyzer9analyzers4inno8analyzerNtB4_12InnoAnalyzer18extract_inno_files0Ba_
FN:24,_RNCNvMNtNtNtCs2d2tQKB902M_18installer_analyzer9analyzers4inno8analyzerNtB4_12InnoAnalyzer18has_inno_signature0Ba_
FN:54,_RNCNvMNtNtNtCs2d2tQKB902M_18installer_analyzer9analyzers4inno8analyzerNtB4_12InnoAnalyzer21extract_inno_metadata0Ba_
FN:125,_RNCNvMNtNtNtCs2d2tQKB902M_18installer_analyzer9analyzers4inno8analyzerNtB4_12InnoAnalyzer21extract_inno_registry0Ba_
FN:144,_RNCNvXs0_NtNtNtCs2d2tQKB902M_18installer_analyzer9analyzers4inno8analyzerNtB7_12InnoAnalyzerNtBb_17InstallerAnalyzer11can_analyze0Bd_
FN:172,_RNCNvXs0_NtNtNtCs2d2tQKB902M_18installer_analyzer9analyzers4inno8analyzerNtB7_12InnoAnalyzerNtBb_17InstallerAnalyzer13extract_files0Bd_
FN:165,_RNCNvXs0_NtNtNtCs2d2tQKB902M_18installer_analyzer9analyzers4inno8analyzerNtB7_12InnoAnalyzerNtBb_17InstallerAnalyzer16extract_metadata0Bd_
FN:182,_RNCNvXs0_NtNtNtCs2d2tQKB902M_18installer_analyzer9analyzers4inno8analyzerNtB7_12InnoAnalyzerNtBb_17InstallerAnalyzer27extract_registry_operations0Bd_
FN:111,_RNvMNtNtNtCs2d2tQKB902M_18installer_analyzer9analyzers4inno8analyzerNtB2_12InnoAnalyzer18extract_inno_files
FN:24,_RNvMNtNtNtCs2d2tQKB902M_18installer_analyzer9analyzers4inno8analyzerNtB2_12InnoAnalyzer18has_inno_signature
FN:54,_RNvMNtNtNtCs2d2tQKB902M_18installer_analyzer9analyzers4inno8analyzerNtB2_12InnoAnalyzer21extract_inno_metadata
FN:125,_RNvMNtNtNtCs2d2tQKB902M_18installer_analyzer9analyzers4inno8analyzerNtB2_12InnoAnalyzer21extract_inno_registry
FN:17,_RNvMNtNtNtCs2d2tQKB902M_18installer_analyzer9analyzers4inno8analyzerNtB2_12InnoAnalyzer3new
FN:159,_RNvXs0_NtNtNtCs2d2tQKB902M_18installer_analyzer9analyzers4inno8analyzerNtB5_12InnoAnalyzerNtB9_17InstallerAnalyzer11can_analyze
FN:177,_RNvXs0_NtNtNtCs2d2tQKB902M_18installer_analyzer9analyzers4inno8analyzerNtB5_12InnoAnalyzerNtB9_17InstallerAnalyzer13extract_files
FN:170,_RNvXs0_NtNtNtCs2d2tQKB902M_18installer_analyzer9analyzers4inno8analyzerNtB5_12InnoAnalyzerNtB9_17InstallerAnalyzer16extract_metadata
FN:187,_RNvXs0_NtNtNtCs2d2tQKB902M_18installer_analyzer9analyzers4inno8analyzerNtB5_12InnoAnalyzerNtB9_17InstallerAnalyzer27extract_registry_operations
FN:161,_RNvXs0_NtNtNtCs2d2tQKB902M_18installer_analyzer9analyzers4inno8analyzerNtB5_12InnoAnalyzerNtB9_17InstallerAnalyzer6format
FN:191,_RNvXs_NtNtNtCs2d2tQKB902M_18installer_analyzer9analyzers4inno8analyzerNtB4_12InnoAnalyzerNtNtCsaDtq73Zt8sT_4core7default7Default7default
FNDA:0,_RNCNCNCNvMNtNtNtCs2d2tQKB902M_18installer_analyzer9analyzers4inno8analyzerNtB8_12InnoAnalyzer21extract_inno_metadata000Be_
FNDA:0,_RNCNCNCNvMNtNtNtCs2d2tQKB902M_18installer_analyzer9analyzers4inno8analyzerNtB8_12InnoAnalyzer21extract_inno_metadata00s0_0Be_
FNDA:0,_RNCNCNCNvMNtNtNtCs2d2tQKB902M_18installer_analyzer9analyzers4inno8analyzerNtB8_12InnoAnalyzer21extract_inno_metadata00s_0Be_
FNDA:0,_RNCNCNvMNtNtNtCs2d2tQKB902M_18installer_analyzer9analyzers4inno8analyzerNtB6_12InnoAnalyzer21extract_inno_metadata00Bc_
FNDA:0,_RNCNCNvMNtNtNtCs2d2tQKB902M_18installer_analyzer9analyzers4inno8analyzerNtB6_12InnoAnalyzer21extract_inno_metadata0s0_0Bc_
FNDA:0,_RNCNCNvMNtNtNtCs2d2tQKB902M_18installer_analyzer9analyzers4inno8analyzerNtB6_12InnoAnalyzer21extract_inno_metadata0s_0Bc_
FNDA:0,_RNCNvMNtNtNtCs2d2tQKB902M_18installer_analyzer9analyzers4inno8analyzerNtB4_12InnoAnalyzer18extract_inno_files0Ba_
FNDA:0,_RNCNvMNtNtNtCs2d2tQKB902M_18installer_analyzer9analyzers4inno8analyzerNtB4_12InnoAnalyzer18has_inno_signature0Ba_
FNDA:0,_RNCNvMNtNtNtCs2d2tQKB902M_18installer_analyzer9analyzers4inno8analyzerNtB4_12InnoAnalyzer21extract_inno_metadata0Ba_
FNDA:0,_RNCNvMNtNtNtCs2d2tQKB902M_18installer_analyzer9analyzers4inno8analyzerNtB4_12InnoAnalyzer21extract_inno_registry0Ba_
FNDA:0,_RNCNvXs0_NtNtNtCs2d2tQKB902M_18installer_analyzer9analyzers4inno8analyzerNtB7_12InnoAnalyzerNtBb_17InstallerAnalyzer11can_analyze0Bd_
FNDA:0,_RNCNvXs0_NtNtNtCs2d2tQKB902M_18installer_analyzer9analyzers4inno8analyzerNtB7_12InnoAnalyzerNtBb_17InstallerAnalyzer13extract_files0Bd_
FNDA:0,_RNCNvXs0_NtNtNtCs2d2tQKB902M_18installer_analyzer9analyzers4inno8analyzerNtB7_12InnoAnalyzerNtBb_17InstallerAnalyzer16extract_metadata0Bd_
FNDA:0,_RNCNvXs0_NtNtNtCs2d2tQKB902M_18installer_analyzer9analyzers4inno8analyzerNtB7_12InnoAnalyzerNtBb_17InstallerAnalyzer27extract_registry_operations0Bd_
FNDA:0,_RNvMNtNtNtCs2d2tQKB902M_18installer_analyzer9analyzers4inno8analyzerNtB2_12InnoAnalyzer18extract_inno_files
FNDA:0,_RNvMNtNtNtCs2d2tQKB902M_18installer_analyzer9analyzers4inno8analyzerNtB2_12InnoAnalyzer18has_inno_signature
FNDA:0,_RNvMNtNtNtCs2d2tQKB902M_18installer_analyzer9analyzers4inno8analyzerNtB2_12InnoAnalyzer21extract_inno_metadata
FNDA:0,_RNvMNtNtNtCs2d2tQKB902M_18installer_analyzer9analyzers4inno8analyzerNtB2_12InnoAnalyzer21extract_inno_registry
FNDA:0,_RNvMNtNtNtCs2d2tQKB902M_18installer_analyzer9analyzers4inno8analyzerNtB2_12InnoAnalyzer3new
FNDA:0,_RNvXs0_NtNtNtCs2d2tQKB902M_18installer_analyzer9analyzers4inno8analyzerNtB5_12InnoAnalyzerNtB9_17InstallerAnalyzer11can_analyze
FNDA:0,_RNvXs0_NtNtNtCs2d2tQKB902M_18installer_analyzer9analyzers4inno8analyzerNtB5_12InnoAnalyzerNtB9_17InstallerAnalyzer13extract_files
FNDA:0,_RNvXs0_NtNtNtCs2d2tQKB902M_18installer_analyzer9analyzers4inno8analyzerNtB5_12InnoAnalyzerNtB9_17InstallerAnalyzer16extract_metadata
FNDA:0,_RNvXs0_NtNtNtCs2d2tQKB902M_18installer_analyzer9analyzers4inno8analyzerNtB5_12InnoAnalyzerNtB9_17InstallerAnalyzer27extract_registry_operations
FNDA:0,_RNvXs0_NtNtNtCs2d2tQKB902M_18installer_analyzer9analyzers4inno8analyzerNtB5_12InnoAnalyzerNtB9_17InstallerAnalyzer6format
FNDA:0,_RNvXs_NtNtNtCs2d2tQKB902M_18installer_analyzer9analyzers4inno8analyzerNtB4_12InnoAnalyzerNtNtCsaDtq73Zt8sT_4core7default7Default7default
FNF:25
FNH:0
DA:17,0
DA:18,0
DA:19,0
DA:20,0
DA:21,0
DA:24,0
DA:25,0
DA:26,0
DA:27,0
DA:28,0
DA:29,0
DA:30,0
DA:31,0
DA:32,0
DA:33,0
DA:34,0
DA:35,0
DA:36,0
DA:37,0
DA:39,0
DA:40,0
DA:41,0
DA:42,0
DA:43,0
DA:44,0
DA:45,0
DA:48,0
DA:50,0
DA:51,0
DA:54,0
DA:55,0
DA:56,0
DA:59,0
DA:62,0
DA:63,0
DA:64,0
DA:65,0
DA:66,0
DA:67,0
DA:68,0
DA:69,0
DA:70,0
DA:71,0
DA:72,0
DA:73,0
DA:74,0
DA:75,0
DA:76,0
DA:77,0
DA:78,0
DA:79,0
DA:80,0
DA:81,0
DA:82,0
DA:83,0
DA:84,0
DA:85,0
DA:86,0
DA:87,0
DA:88,0
DA:89,0
DA:90,0
DA:91,0
DA:92,0
DA:93,0
DA:94,0
DA:95,0
DA:96,0
DA:97,0
DA:98,0
DA:99,0
DA:100,0
DA:101,0
DA:102,0
DA:103,0
DA:104,0
DA:105,0
DA:106,0
DA:107,0
DA:108,0
DA:111,0
DA:112,0
DA:113,0
DA:114,0
DA:117,0
DA:119,0
DA:121,0
DA:122,0
DA:125,0
DA:126,0
DA:127,0
DA:128,0
DA:131,0
DA:133,0
DA:134,0
DA:135,0
DA:138,0
DA:139,0
DA:144,0
DA:146,0
DA:147,0
DA:148,0
DA:149,0
DA:151,0
DA:155,0
DA:158,0
DA:159,0
DA:161,0
DA:162,0
DA:163,0
DA:165,0
DA:167,0
DA:169,0
DA:170,0
DA:172,0
DA:174,0
DA:176,0
DA:177,0
DA:182,0
DA:184,0
DA:186,0
DA:187,0
DA:191,0
DA:192,0
DA:193,0
BRF:0
BRH:0
LF:141
LH:0
end_of_record
SF:C:\Users\hallong.hallong-PC3\Documents\augment-projects\installer-analysis\src\analyzers\inno\parser.rs
FN:92,_RNCNvMNtNtNtCs2d2tQKB902M_18installer_analyzer9analyzers4inno6parserNtB4_10InnoParser12find_pattern0Ba_
FN:90,_RNvMNtNtNtCs2d2tQKB902M_18installer_analyzer9analyzers4inno6parserNtB2_10InnoParser12find_pattern
FN:49,_RNvMNtNtNtCs2d2tQKB902M_18installer_analyzer9analyzers4inno6parserNtB2_10InnoParser12parse_header
FN:96,_RNvMNtNtNtCs2d2tQKB902M_18installer_analyzer9analyzers4inno6parserNtB2_10InnoParser13extract_files
FN:209,_RNvMNtNtNtCs2d2tQKB902M_18installer_analyzer9analyzers4inno6parserNtB2_10InnoParser16extract_metadata
FN:72,_RNvMNtNtNtCs2d2tQKB902M_18installer_analyzer9analyzers4inno6parserNtB2_10InnoParser19find_inno_signature
FN:226,_RNvMNtNtNtCs2d2tQKB902M_18installer_analyzer9analyzers4inno6parserNtB2_10InnoParser20extract_version_info
FN:133,_RNvMNtNtNtCs2d2tQKB902M_18installer_analyzer9analyzers4inno6parserNtB2_10InnoParser23extract_basic_file_info
FN:168,_RNvMNtNtNtCs2d2tQKB902M_18installer_analyzer9analyzers4inno6parserNtB2_10InnoParser27extract_registry_operations
FN:44,_RNvMNtNtNtCs2d2tQKB902M_18installer_analyzer9analyzers4inno6parserNtB2_10InnoParser3new
FN:249,_RNvXs_NtNtNtCs2d2tQKB902M_18installer_analyzer9analyzers4inno6parserNtB4_10InnoParserNtNtCsaDtq73Zt8sT_4core7default7Default7default
FNDA:0,_RNCNvMNtNtNtCs2d2tQKB902M_18installer_analyzer9analyzers4inno6parserNtB4_10InnoParser12find_pattern0Ba_
FNDA:0,_RNvMNtNtNtCs2d2tQKB902M_18installer_analyzer9analyzers4inno6parserNtB2_10InnoParser12find_pattern
FNDA:0,_RNvMNtNtNtCs2d2tQKB902M_18installer_analyzer9analyzers4inno6parserNtB2_10InnoParser12parse_header
FNDA:0,_RNvMNtNtNtCs2d2tQKB902M_18installer_analyzer9analyzers4inno6parserNtB2_10InnoParser13extract_files
FNDA:0,_RNvMNtNtNtCs2d2tQKB902M_18installer_analyzer9analyzers4inno6parserNtB2_10InnoParser16extract_metadata
FNDA:0,_RNvMNtNtNtCs2d2tQKB902M_18installer_analyzer9analyzers4inno6parserNtB2_10InnoParser19find_inno_signature
FNDA:0,_RNvMNtNtNtCs2d2tQKB902M_18installer_analyzer9analyzers4inno6parserNtB2_10InnoParser20extract_version_info
FNDA:0,_RNvMNtNtNtCs2d2tQKB902M_18installer_analyzer9analyzers4inno6parserNtB2_10InnoParser23extract_basic_file_info
FNDA:0,_RNvMNtNtNtCs2d2tQKB902M_18installer_analyzer9analyzers4inno6parserNtB2_10InnoParser27extract_registry_operations
FNDA:0,_RNvMNtNtNtCs2d2tQKB902M_18installer_analyzer9analyzers4inno6parserNtB2_10InnoParser3new
FNDA:0,_RNvXs_NtNtNtCs2d2tQKB902M_18installer_analyzer9analyzers4inno6parserNtB4_10InnoParserNtNtCsaDtq73Zt8sT_4core7default7Default7default
FNF:11
FNH:0
DA:44,0
DA:45,0
DA:46,0
DA:49,0
DA:50,0
DA:51,0
DA:52,0
DA:55,0
DA:58,0
DA:59,0
DA:60,0
DA:61,0
DA:62,0
DA:63,0
DA:64,0
DA:65,0
DA:67,0
DA:69,0
DA:72,0
DA:73,0
DA:74,0
DA:75,0
DA:76,0
DA:77,0
DA:78,0
DA:79,0
DA:81,0
DA:82,0
DA:83,0
DA:84,0
DA:86,0
DA:87,0
DA:90,0
DA:91,0
DA:92,0
DA:93,0
DA:96,0
DA:97,0
DA:98,0
DA:99,0
DA:100,0
DA:103,0
DA:104,0
DA:105,0
DA:108,0
DA:109,0
DA:110,0
DA:111,0
DA:112,0
DA:113,0
DA:114,0
DA:115,0
DA:116,0
DA:117,0
DA:118,0
DA:119,0
DA:120,0
DA:121,0
DA:122,0
DA:123,0
DA:124,0
DA:125,0
DA:126,0
DA:127,0
DA:129,0
DA:130,0
DA:133,0
DA:134,0
DA:135,0
DA:136,0
DA:137,0
DA:138,0
DA:139,0
DA:140,0
DA:141,0
DA:142,0
DA:143,0
DA:144,0
DA:145,0
DA:146,0
DA:148,0
DA:149,0
DA:150,0
DA:151,0
DA:152,0
DA:153,0
DA:154,0
DA:155,0
DA:156,0
DA:157,0
DA:158,0
DA:159,0
DA:160,0
DA:161,0
DA:162,0
DA:164,0
DA:165,0
DA:168,0
DA:169,0
DA:170,0
DA:171,0
DA:172,0
DA:173,0
DA:174,0
DA:175,0
DA:176,0
DA:177,0
DA:178,0
DA:179,0
DA:180,0
DA:181,0
DA:182,0
DA:183,0
DA:184,0
DA:185,0
DA:186,0
DA:187,0
DA:188,0
DA:189,0
DA:190,0
DA:191,0
DA:192,0
DA:193,0
DA:194,0
DA:195,0
DA:196,0
DA:197,0
DA:198,0
DA:199,0
DA:200,0
DA:201,0
DA:202,0
DA:203,0
DA:204,0
DA:205,0
DA:206,0
DA:209,0
DA:210,0
DA:213,0
DA:214,0
DA:215,0
DA:218,0
DA:219,0
DA:220,0
DA:221,0
DA:222,0
DA:223,0
DA:226,0
DA:227,0
DA:228,0
DA:229,0
DA:230,0
DA:231,0
DA:232,0
DA:233,0
DA:234,0
DA:235,0
DA:236,0
DA:237,0
DA:238,0
DA:239,0
DA:240,0
DA:241,0
DA:242,0
DA:243,0
DA:244,0
DA:245,0
DA:249,0
DA:250,0
DA:251,0
BRF:0
BRH:0
LF:171
LH:0
end_of_record
SF:C:\Users\hallong.hallong-PC3\Documents\augment-projects\installer-analysis\src\analyzers\installshield\analyzer.rs
FN:43,_RNCNCNCNvMNtNtNtCs2d2tQKB902M_18installer_analyzer9analyzers13installshield8analyzerNtB8_21InstallShieldAnalyzer30extract_installshield_metadata000Be_
FN:44,_RNCNCNCNvMNtNtNtCs2d2tQKB902M_18installer_analyzer9analyzers13installshield8analyzerNtB8_21InstallShieldAnalyzer30extract_installshield_metadata00s_0Be_
FN:39,_RNCNCNvMNtNtNtCs2d2tQKB902M_18installer_analyzer9analyzers13installshield8analyzerNtB6_21InstallShieldAnalyzer30extract_installshield_metadata00Bc_
FN:50,_RNCNCNvMNtNtNtCs2d2tQKB902M_18installer_analyzer9analyzers13installshield8analyzerNtB6_21InstallShieldAnalyzer30extract_installshield_metadata0s_0Bc_
FN:24,_RNCNvMNtNtNtCs2d2tQKB902M_18installer_analyzer9analyzers13installshield8analyzerNtB4_21InstallShieldAnalyzer21is_installshield_file0Ba_
FN:65,_RNCNvMNtNtNtCs2d2tQKB902M_18installer_analyzer9analyzers13installshield8analyzerNtB4_21InstallShieldAnalyzer27extract_installshield_files0Ba_
FN:29,_RNCNvMNtNtNtCs2d2tQKB902M_18installer_analyzer9analyzers13installshield8analyzerNtB4_21InstallShieldAnalyzer30extract_installshield_metadata0Ba_
FN:82,_RNCNvMNtNtNtCs2d2tQKB902M_18installer_analyzer9analyzers13installshield8analyzerNtB4_21InstallShieldAnalyzer30extract_installshield_registry0Ba_
FN:124,_RNCNvXs0_NtNtNtCs2d2tQKB902M_18installer_analyzer9analyzers13installshield8analyzerNtB7_21InstallShieldAnalyzerNtBb_17InstallerAnalyzer11can_analyze0Bd_
FN:143,_RNCNvXs0_NtNtNtCs2d2tQKB902M_18installer_analyzer9analyzers13installshield8analyzerNtB7_21InstallShieldAnalyzerNtBb_17InstallerAnalyzer13extract_files0Bd_
FN:136,_RNCNvXs0_NtNtNtCs2d2tQKB902M_18installer_analyzer9analyzers13installshield8analyzerNtB7_21InstallShieldAnalyzerNtBb_17InstallerAnalyzer16extract_metadata0Bd_
FN:153,_RNCNvXs0_NtNtNtCs2d2tQKB902M_18installer_analyzer9analyzers13installshield8analyzerNtB7_21InstallShieldAnalyzerNtBb_17InstallerAnalyzer27extract_registry_operations0Bd_
FN:24,_RNvMNtNtNtCs2d2tQKB902M_18installer_analyzer9analyzers13installshield8analyzerNtB2_21InstallShieldAnalyzer21is_installshield_file
FN:65,_RNvMNtNtNtCs2d2tQKB902M_18installer_analyzer9analyzers13installshield8analyzerNtB2_21InstallShieldAnalyzer27extract_installshield_files
FN:29,_RNvMNtNtNtCs2d2tQKB902M_18installer_analyzer9analyzers13installshield8analyzerNtB2_21InstallShieldAnalyzer30extract_installshield_metadata
FN:79,_RNvMNtNtNtCs2d2tQKB902M_18installer_analyzer9analyzers13installshield8analyzerNtB2_21InstallShieldAnalyzer30extract_installshield_registry
FN:17,_RNvMNtNtNtCs2d2tQKB902M_18installer_analyzer9analyzers13installshield8analyzerNtB2_21InstallShieldAnalyzer3new
FN:130,_RNvXs0_NtNtNtCs2d2tQKB902M_18installer_analyzer9analyzers13installshield8analyzerNtB5_21InstallShieldAnalyzerNtB9_17InstallerAnalyzer11can_analyze
FN:148,_RNvXs0_NtNtNtCs2d2tQKB902M_18installer_analyzer9analyzers13installshield8analyzerNtB5_21InstallShieldAnalyzerNtB9_17InstallerAnalyzer13extract_files
FN:141,_RNvXs0_NtNtNtCs2d2tQKB902M_18installer_analyzer9analyzers13installshield8analyzerNtB5_21InstallShieldAnalyzerNtB9_17InstallerAnalyzer16extract_metadata
FN:158,_RNvXs0_NtNtNtCs2d2tQKB902M_18installer_analyzer9analyzers13installshield8analyzerNtB5_21InstallShieldAnalyzerNtB9_17InstallerAnalyzer27extract_registry_operations
FN:132,_RNvXs0_NtNtNtCs2d2tQKB902M_18installer_analyzer9analyzers13installshield8analyzerNtB5_21InstallShieldAnalyzerNtB9_17InstallerAnalyzer6format
FN:162,_RNvXs_NtNtNtCs2d2tQKB902M_18installer_analyzer9analyzers13installshield8analyzerNtB4_21InstallShieldAnalyzerNtNtCsaDtq73Zt8sT_4core7default7Default7default
FNDA:0,_RNCNCNCNvMNtNtNtCs2d2tQKB902M_18installer_analyzer9analyzers13installshield8analyzerNtB8_21InstallShieldAnalyzer30extract_installshield_metadata000Be_
FNDA:0,_RNCNCNCNvMNtNtNtCs2d2tQKB902M_18installer_analyzer9analyzers13installshield8analyzerNtB8_21InstallShieldAnalyzer30extract_installshield_metadata00s_0Be_
FNDA:0,_RNCNCNvMNtNtNtCs2d2tQKB902M_18installer_analyzer9analyzers13installshield8analyzerNtB6_21InstallShieldAnalyzer30extract_installshield_metadata00Bc_
FNDA:0,_RNCNCNvMNtNtNtCs2d2tQKB902M_18installer_analyzer9analyzers13installshield8analyzerNtB6_21InstallShieldAnalyzer30extract_installshield_metadata0s_0Bc_
FNDA:0,_RNCNvMNtNtNtCs2d2tQKB902M_18installer_analyzer9analyzers13installshield8analyzerNtB4_21InstallShieldAnalyzer21is_installshield_file0Ba_
FNDA:0,_RNCNvMNtNtNtCs2d2tQKB902M_18installer_analyzer9analyzers13installshield8analyzerNtB4_21InstallShieldAnalyzer27extract_installshield_files0Ba_
FNDA:0,_RNCNvMNtNtNtCs2d2tQKB902M_18installer_analyzer9analyzers13installshield8analyzerNtB4_21InstallShieldAnalyzer30extract_installshield_metadata0Ba_
FNDA:0,_RNCNvMNtNtNtCs2d2tQKB902M_18installer_analyzer9analyzers13installshield8analyzerNtB4_21InstallShieldAnalyzer30extract_installshield_registry0Ba_
FNDA:0,_RNCNvXs0_NtNtNtCs2d2tQKB902M_18installer_analyzer9analyzers13installshield8analyzerNtB7_21InstallShieldAnalyzerNtBb_17InstallerAnalyzer11can_analyze0Bd_
FNDA:0,_RNCNvXs0_NtNtNtCs2d2tQKB902M_18installer_analyzer9analyzers13installshield8analyzerNtB7_21InstallShieldAnalyzerNtBb_17InstallerAnalyzer13extract_files0Bd_
FNDA:0,_RNCNvXs0_NtNtNtCs2d2tQKB902M_18installer_analyzer9analyzers13installshield8analyzerNtB7_21InstallShieldAnalyzerNtBb_17InstallerAnalyzer16extract_metadata0Bd_
FNDA:0,_RNCNvXs0_NtNtNtCs2d2tQKB902M_18installer_analyzer9analyzers13installshield8analyzerNtB7_21InstallShieldAnalyzerNtBb_17InstallerAnalyzer27extract_registry_operations0Bd_
FNDA:0,_RNvMNtNtNtCs2d2tQKB902M_18installer_analyzer9analyzers13installshield8analyzerNtB2_21InstallShieldAnalyzer21is_installshield_file
FNDA:0,_RNvMNtNtNtCs2d2tQKB902M_18installer_analyzer9analyzers13installshield8analyzerNtB2_21InstallShieldAnalyzer27extract_installshield_files
FNDA:0,_RNvMNtNtNtCs2d2tQKB902M_18installer_analyzer9analyzers13installshield8analyzerNtB2_21InstallShieldAnalyzer30extract_installshield_metadata
FNDA:0,_RNvMNtNtNtCs2d2tQKB902M_18installer_analyzer9analyzers13installshield8analyzerNtB2_21InstallShieldAnalyzer30extract_installshield_registry
FNDA:0,_RNvMNtNtNtCs2d2tQKB902M_18installer_analyzer9analyzers13installshield8analyzerNtB2_21InstallShieldAnalyzer3new
FNDA:0,_RNvXs0_NtNtNtCs2d2tQKB902M_18installer_analyzer9analyzers13installshield8analyzerNtB5_21InstallShieldAnalyzerNtB9_17InstallerAnalyzer11can_analyze
FNDA:0,_RNvXs0_NtNtNtCs2d2tQKB902M_18installer_analyzer9analyzers13installshield8analyzerNtB5_21InstallShieldAnalyzerNtB9_17InstallerAnalyzer13extract_files
FNDA:0,_RNvXs0_NtNtNtCs2d2tQKB902M_18installer_analyzer9analyzers13installshield8analyzerNtB5_21InstallShieldAnalyzerNtB9_17InstallerAnalyzer16extract_metadata
FNDA:0,_RNvXs0_NtNtNtCs2d2tQKB902M_18installer_analyzer9analyzers13installshield8analyzerNtB5_21InstallShieldAnalyzerNtB9_17InstallerAnalyzer27extract_registry_operations
FNDA:0,_RNvXs0_NtNtNtCs2d2tQKB902M_18installer_analyzer9analyzers13installshield8analyzerNtB5_21InstallShieldAnalyzerNtB9_17InstallerAnalyzer6format
FNDA:0,_RNvXs_NtNtNtCs2d2tQKB902M_18installer_analyzer9analyzers13installshield8analyzerNtB4_21InstallShieldAnalyzerNtNtCsaDtq73Zt8sT_4core7default7Default7default
FNF:23
FNH:0
DA:17,0
DA:18,0
DA:19,0
DA:20,0
DA:21,0
DA:24,0
DA:25,0
DA:26,0
DA:29,0
DA:30,0
DA:31,0
DA:34,0
DA:37,0
DA:39,0
DA:40,0
DA:41,0
DA:42,0
DA:43,0
DA:44,0
DA:45,0
DA:46,0
DA:47,0
DA:48,0
DA:49,0
DA:50,0
DA:51,0
DA:52,0
DA:53,0
DA:54,0
DA:55,0
DA:56,0
DA:57,0
DA:58,0
DA:59,0
DA:60,0
DA:61,0
DA:62,0
DA:65,0
DA:66,0
DA:67,0
DA:68,0
DA:71,0
DA:73,0
DA:75,0
DA:76,0
DA:79,0
DA:80,0
DA:81,0
DA:82,0
DA:83,0
DA:84,0
DA:85,0
DA:86,0
DA:87,0
DA:88,0
DA:89,0
DA:90,0
DA:91,0
DA:92,0
DA:93,0
DA:94,0
DA:95,0
DA:96,0
DA:97,0
DA:98,0
DA:99,0
DA:100,0
DA:101,0
DA:103,0
DA:104,0
DA:105,0
DA:106,0
DA:107,0
DA:108,0
DA:109,0
DA:110,0
DA:111,0
DA:113,0
DA:114,0
DA:115,0
DA:118,0
DA:119,0
DA:124,0
DA:126,0
DA:129,0
DA:130,0
DA:132,0
DA:133,0
DA:134,0
DA:136,0
DA:138,0
DA:140,0
DA:141,0
DA:143,0
DA:145,0
DA:147,0
DA:148,0
DA:153,0
DA:155,0
DA:157,0
DA:158,0
DA:162,0
DA:163,0
DA:164,0
BRF:0
BRH:0
LF:117
LH:0
end_of_record
SF:C:\Users\hallong.hallong-PC3\Documents\augment-projects\installer-analysis\src\analyzers\installshield\parser.rs
FN:179,_RNCNCNvMNtNtNtCs2d2tQKB902M_18installer_analyzer9analyzers13installshield6parserNtB6_19InstallShieldParser23extract_pe_version_info00Bc_
FN:243,_RNCNvMNtNtNtCs2d2tQKB902M_18installer_analyzer9analyzers13installshield6parserNtB4_19InstallShieldParser13extract_files0Ba_
FN:74,_RNCNvMNtNtNtCs2d2tQKB902M_18installer_analyzer9analyzers13installshield6parserNtB4_19InstallShieldParser14detect_version0Ba_
FN:121,_RNCNvMNtNtNtCs2d2tQKB902M_18installer_analyzer9analyzers13installshield6parserNtB4_19InstallShieldParser16extract_metadata0Ba_
FN:204,_RNCNvMNtNtNtCs2d2tQKB902M_18installer_analyzer9analyzers13installshield6parserNtB4_19InstallShieldParser17detect_setup_type0Ba_
FN:298,_RNCNvMNtNtNtCs2d2tQKB902M_18installer_analyzer9analyzers13installshield6parserNtB4_19InstallShieldParser18extract_properties0Ba_
FN:51,_RNCNvMNtNtNtCs2d2tQKB902M_18installer_analyzer9analyzers13installshield6parserNtB4_19InstallShieldParser21is_installshield_file0Ba_
FN:152,_RNCNvMNtNtNtCs2d2tQKB902M_18installer_analyzer9analyzers13installshield6parserNtB4_19InstallShieldParser23extract_pe_version_info0Ba_
FN:224,_RNCNvMNtNtNtCs2d2tQKB902M_18installer_analyzer9analyzers13installshield6parserNtB4_19InstallShieldParser25detect_compression_method0Ba_
FN:243,_RNvMNtNtNtCs2d2tQKB902M_18installer_analyzer9analyzers13installshield6parserNtB2_19InstallShieldParser13extract_files
FN:74,_RNvMNtNtNtCs2d2tQKB902M_18installer_analyzer9analyzers13installshield6parserNtB2_19InstallShieldParser14detect_version
FN:121,_RNvMNtNtNtCs2d2tQKB902M_18installer_analyzer9analyzers13installshield6parserNtB2_19InstallShieldParser16extract_metadata
FN:204,_RNvMNtNtNtCs2d2tQKB902M_18installer_analyzer9analyzers13installshield6parserNtB2_19InstallShieldParser17detect_setup_type
FN:298,_RNvMNtNtNtCs2d2tQKB902M_18installer_analyzer9analyzers13installshield6parserNtB2_19InstallShieldParser18extract_properties
FN:51,_RNvMNtNtNtCs2d2tQKB902M_18installer_analyzer9analyzers13installshield6parserNtB2_19InstallShieldParser21is_installshield_file
FN:149,_RNvMNtNtNtCs2d2tQKB902M_18installer_analyzer9analyzers13installshield6parserNtB2_19InstallShieldParser23extract_pe_version_info
FN:224,_RNvMNtNtNtCs2d2tQKB902M_18installer_analyzer9analyzers13installshield6parserNtB2_19InstallShieldParser25detect_compression_method
FN:46,_RNvMNtNtNtCs2d2tQKB902M_18installer_analyzer9analyzers13installshield6parserNtB2_19InstallShieldParser3new
FN:331,_RNvXs_NtNtNtCs2d2tQKB902M_18installer_analyzer9analyzers13installshield6parserNtB4_19InstallShieldParserNtNtCsaDtq73Zt8sT_4core7default7Default7default
FNDA:0,_RNCNCNvMNtNtNtCs2d2tQKB902M_18installer_analyzer9analyzers13installshield6parserNtB6_19InstallShieldParser23extract_pe_version_info00Bc_
FNDA:0,_RNCNvMNtNtNtCs2d2tQKB902M_18installer_analyzer9analyzers13installshield6parserNtB4_19InstallShieldParser13extract_files0Ba_
FNDA:0,_RNCNvMNtNtNtCs2d2tQKB902M_18installer_analyzer9analyzers13installshield6parserNtB4_19InstallShieldParser14detect_version0Ba_
FNDA:0,_RNCNvMNtNtNtCs2d2tQKB902M_18installer_analyzer9analyzers13installshield6parserNtB4_19InstallShieldParser16extract_metadata0Ba_
FNDA:0,_RNCNvMNtNtNtCs2d2tQKB902M_18installer_analyzer9analyzers13installshield6parserNtB4_19InstallShieldParser17detect_setup_type0Ba_
FNDA:0,_RNCNvMNtNtNtCs2d2tQKB902M_18installer_analyzer9analyzers13installshield6parserNtB4_19InstallShieldParser18extract_properties0Ba_
FNDA:0,_RNCNvMNtNtNtCs2d2tQKB902M_18installer_analyzer9analyzers13installshield6parserNtB4_19InstallShieldParser21is_installshield_file0Ba_
FNDA:0,_RNCNvMNtNtNtCs2d2tQKB902M_18installer_analyzer9analyzers13installshield6parserNtB4_19InstallShieldParser23extract_pe_version_info0Ba_
FNDA:0,_RNCNvMNtNtNtCs2d2tQKB902M_18installer_analyzer9analyzers13installshield6parserNtB4_19InstallShieldParser25detect_compression_method0Ba_
FNDA:0,_RNvMNtNtNtCs2d2tQKB902M_18installer_analyzer9analyzers13installshield6parserNtB2_19InstallShieldParser13extract_files
FNDA:0,_RNvMNtNtNtCs2d2tQKB902M_18installer_analyzer9analyzers13installshield6parserNtB2_19InstallShieldParser14detect_version
FNDA:0,_RNvMNtNtNtCs2d2tQKB902M_18installer_analyzer9analyzers13installshield6parserNtB2_19InstallShieldParser16extract_metadata
FNDA:0,_RNvMNtNtNtCs2d2tQKB902M_18installer_analyzer9analyzers13installshield6parserNtB2_19InstallShieldParser17detect_setup_type
FNDA:0,_RNvMNtNtNtCs2d2tQKB902M_18installer_analyzer9analyzers13installshield6parserNtB2_19InstallShieldParser18extract_properties
FNDA:0,_RNvMNtNtNtCs2d2tQKB902M_18installer_analyzer9analyzers13installshield6parserNtB2_19InstallShieldParser21is_installshield_file
FNDA:0,_RNvMNtNtNtCs2d2tQKB902M_18installer_analyzer9analyzers13installshield6parserNtB2_19InstallShieldParser23extract_pe_version_info
FNDA:0,_RNvMNtNtNtCs2d2tQKB902M_18installer_analyzer9analyzers13installshield6parserNtB2_19InstallShieldParser25detect_compression_method
FNDA:0,_RNvMNtNtNtCs2d2tQKB902M_18installer_analyzer9analyzers13installshield6parserNtB2_19InstallShieldParser3new
FNDA:0,_RNvXs_NtNtNtCs2d2tQKB902M_18installer_analyzer9analyzers13installshield6parserNtB4_19InstallShieldParserNtNtCsaDtq73Zt8sT_4core7default7Default7default
FNF:19
FNH:0
DA:46,0
DA:47,0
DA:48,0
DA:51,0
DA:52,0
DA:53,0
DA:54,0
DA:55,0
DA:56,0
DA:57,0
DA:58,0
DA:59,0
DA:60,0
DA:61,0
DA:62,0
DA:63,0
DA:64,0
DA:65,0
DA:66,0
DA:67,0
DA:69,0
DA:70,0
DA:71,0
DA:74,0
DA:75,0
DA:76,0
DA:77,0
DA:78,0
DA:79,0
DA:80,0
DA:81,0
DA:82,0
DA:83,0
DA:84,0
DA:85,0
DA:86,0
DA:87,0
DA:88,0
DA:89,0
DA:90,0
DA:91,0
DA:92,0
DA:93,0
DA:95,0
DA:96,0
DA:97,0
DA:98,0
DA:99,0
DA:103,0
DA:104,0
DA:105,0
DA:106,0
DA:107,0
DA:108,0
DA:109,0
DA:110,0
DA:112,0
DA:113,0
DA:114,0
DA:115,0
DA:116,0
DA:117,0
DA:118,0
DA:121,0
DA:122,0
DA:123,0
DA:126,0
DA:127,0
DA:130,0
DA:133,0
DA:135,0
DA:136,0
DA:137,0
DA:138,0
DA:139,0
DA:140,0
DA:141,0
DA:142,0
DA:143,0
DA:144,0
DA:145,0
DA:146,0
DA:149,0
DA:150,0
DA:151,0
DA:152,0
DA:153,0
DA:154,0
DA:155,0
DA:156,0
DA:157,0
DA:158,0
DA:159,0
DA:160,0
DA:161,0
DA:162,0
DA:163,0
DA:164,0
DA:166,0
DA:168,0
DA:169,0
DA:170,0
DA:173,0
DA:175,0
DA:176,0
DA:177,0
DA:178,0
DA:179,0
DA:180,0
DA:181,0
DA:182,0
DA:183,0
DA:184,0
DA:187,0
DA:188,0
DA:189,0
DA:190,0
DA:193,0
DA:194,0
DA:195,0
DA:196,0
DA:197,0
DA:198,0
DA:200,0
DA:201,0
DA:204,0
DA:205,0
DA:206,0
DA:207,0
DA:208,0
DA:209,0
DA:210,0
DA:211,0
DA:213,0
DA:214,0
DA:215,0
DA:216,0
DA:217,0
DA:220,0
DA:221,0
DA:224,0
DA:225,0
DA:226,0
DA:227,0
DA:228,0
DA:229,0
DA:230,0
DA:232,0
DA:233,0
DA:234,0
DA:235,0
DA:236,0
DA:239,0
DA:240,0
DA:243,0
DA:248,0
DA:251,0
DA:252,0
DA:253,0
DA:254,0
DA:255,0
DA:256,0
DA:257,0
DA:258,0
DA:259,0
DA:260,0
DA:261,0
DA:262,0
DA:263,0
DA:264,0
DA:265,0
DA:266,0
DA:267,0
DA:268,0
DA:269,0
DA:270,0
DA:271,0
DA:272,0
DA:273,0
DA:275,0
DA:276,0
DA:277,0
DA:278,0
DA:279,0
DA:280,0
DA:281,0
DA:282,0
DA:283,0
DA:284,0
DA:285,0
DA:286,0
DA:287,0
DA:288,0
DA:289,0
DA:290,0
DA:291,0
DA:292,0
DA:294,0
DA:295,0
DA:298,0
DA:299,0
DA:301,0
DA:303,0
DA:304,0
DA:305,0
DA:306,0
DA:308,0
DA:309,0
DA:310,0
DA:312,0
DA:313,0
DA:314,0
DA:316,0
DA:317,0
DA:318,0
DA:320,0
DA:321,0
DA:322,0
DA:323,0
DA:324,0
DA:325,0
DA:326,0
DA:327,0
DA:331,0
DA:332,0
DA:333,0
BRF:0
BRH:0
LF:235
LH:0
end_of_record
SF:C:\Users\hallong.hallong-PC3\Documents\augment-projects\installer-analysis\src\analyzers\mod.rs
FN:73,_RNCNvMNtCs2d2tQKB902M_18installer_analyzer9analyzersNtB4_15AnalyzerFactory15create_analyzer0B6_
FN:59,_RNCNvYpNtNtCs2d2tQKB902M_18installer_analyzer9analyzers17InstallerAnalyzer7analyze0B9_
FN:73,_RNvMNtCs2d2tQKB902M_18installer_analyzer9analyzersNtB2_15AnalyzerFactory15create_analyzer
FN:146,_RNvMNtCs2d2tQKB902M_18installer_analyzer9analyzersNtB2_15AnalyzerFactory17get_all_analyzers
FN:175,_RNvMNtCs2d2tQKB902M_18installer_analyzer9analyzersNtB2_15AnalyzerFactory21get_supported_formats
FN:160,_RNvMNtCs2d2tQKB902M_18installer_analyzer9analyzersNtB2_15AnalyzerFactory22get_analyzer_by_format
FN:65,_RNvYpNtNtCs2d2tQKB902M_18installer_analyzer9analyzers17InstallerAnalyzer7analyzeB7_
FNDA:0,_RNCNvMNtCs2d2tQKB902M_18installer_analyzer9analyzersNtB4_15AnalyzerFactory15create_analyzer0B6_
FNDA:0,_RNCNvYpNtNtCs2d2tQKB902M_18installer_analyzer9analyzers17InstallerAnalyzer7analyze0B9_
FNDA:0,_RNvMNtCs2d2tQKB902M_18installer_analyzer9analyzersNtB2_15AnalyzerFactory15create_analyzer
FNDA:0,_RNvMNtCs2d2tQKB902M_18installer_analyzer9analyzersNtB2_15AnalyzerFactory17get_all_analyzers
FNDA:0,_RNvMNtCs2d2tQKB902M_18installer_analyzer9analyzersNtB2_15AnalyzerFactory21get_supported_formats
FNDA:0,_RNvMNtCs2d2tQKB902M_18installer_analyzer9analyzersNtB2_15AnalyzerFactory22get_analyzer_by_format
FNDA:0,_RNvYpNtNtCs2d2tQKB902M_18installer_analyzer9analyzers17InstallerAnalyzer7analyzeB7_
FNF:7
FNH:0
DA:59,0
DA:60,0
DA:61,0
DA:62,0
DA:64,0
DA:65,0
DA:73,0
DA:74,0
DA:77,0
DA:78,0
DA:79,0
DA:80,0
DA:81,0
DA:82,0
DA:83,0
DA:84,0
DA:85,0
DA:86,0
DA:87,0
DA:88,0
DA:89,0
DA:90,0
DA:91,0
DA:92,0
DA:93,0
DA:94,0
DA:95,0
DA:97,0
DA:98,0
DA:99,0
DA:100,0
DA:101,0
DA:102,0
DA:103,0
DA:104,0
DA:105,0
DA:106,0
DA:107,0
DA:108,0
DA:109,0
DA:110,0
DA:111,0
DA:112,0
DA:114,0
DA:115,0
DA:116,0
DA:117,0
DA:118,0
DA:119,0
DA:120,0
DA:121,0
DA:122,0
DA:123,0
DA:124,0
DA:125,0
DA:126,0
DA:127,0
DA:128,0
DA:129,0
DA:130,0
DA:131,0
DA:132,0
DA:133,0
DA:134,0
DA:135,0
DA:136,0
DA:137,0
DA:138,0
DA:139,0
DA:140,0
DA:141,0
DA:142,0
DA:143,0
DA:146,0
DA:147,0
DA:148,0
DA:149,0
DA:150,0
DA:151,0
DA:152,0
DA:153,0
DA:154,0
DA:155,0
DA:156,0
DA:157,0
DA:160,0
DA:161,0
DA:162,0
DA:163,0
DA:164,0
DA:165,0
DA:166,0
DA:167,0
DA:168,0
DA:169,0
DA:170,0
DA:172,0
DA:175,0
DA:176,0
DA:177,0
DA:178,0
DA:179,0
DA:180,0
DA:181,0
DA:182,0
DA:183,0
DA:184,0
DA:185,0
DA:186,0
BRF:0
BRH:0
LF:111
LH:0
end_of_record
SF:C:\Users\hallong.hallong-PC3\Documents\augment-projects\installer-analysis\src\analyzers\msi\analyzer.rs
FN:94,_RNCNvMNtNtNtCs2d2tQKB902M_18installer_analyzer9analyzers3msi8analyzerNtB4_11MsiAnalyzer17extract_msi_files0Ba_
FN:22,_RNCNvMNtNtNtCs2d2tQKB902M_18installer_analyzer9analyzers3msi8analyzerNtB4_11MsiAnalyzer17has_msi_signature0Ba_
FN:37,_RNCNvMNtNtNtCs2d2tQKB902M_18installer_analyzer9analyzers3msi8analyzerNtB4_11MsiAnalyzer20extract_msi_metadata0Ba_
FN:114,_RNCNvMNtNtNtCs2d2tQKB902M_18installer_analyzer9analyzers3msi8analyzerNtB4_11MsiAnalyzer20extract_msi_registry0Ba_
FN:131,_RNCNvXs0_NtNtNtCs2d2tQKB902M_18installer_analyzer9analyzers3msi8analyzerNtB7_11MsiAnalyzerNtBb_17InstallerAnalyzer11can_analyze0Bd_
FN:155,_RNCNvXs0_NtNtNtCs2d2tQKB902M_18installer_analyzer9analyzers3msi8analyzerNtB7_11MsiAnalyzerNtBb_17InstallerAnalyzer13extract_files0Bd_
FN:148,_RNCNvXs0_NtNtNtCs2d2tQKB902M_18installer_analyzer9analyzers3msi8analyzerNtB7_11MsiAnalyzerNtBb_17InstallerAnalyzer16extract_metadata0Bd_
FN:165,_RNCNvXs0_NtNtNtCs2d2tQKB902M_18installer_analyzer9analyzers3msi8analyzerNtB7_11MsiAnalyzerNtBb_17InstallerAnalyzer27extract_registry_operations0Bd_
FN:94,_RNvMNtNtNtCs2d2tQKB902M_18installer_analyzer9analyzers3msi8analyzerNtB2_11MsiAnalyzer17extract_msi_files
FN:22,_RNvMNtNtNtCs2d2tQKB902M_18installer_analyzer9analyzers3msi8analyzerNtB2_11MsiAnalyzer17has_msi_signature
FN:37,_RNvMNtNtNtCs2d2tQKB902M_18installer_analyzer9analyzers3msi8analyzerNtB2_11MsiAnalyzer20extract_msi_metadata
FN:114,_RNvMNtNtNtCs2d2tQKB902M_18installer_analyzer9analyzers3msi8analyzerNtB2_11MsiAnalyzer20extract_msi_registry
FN:17,_RNvMNtNtNtCs2d2tQKB902M_18installer_analyzer9analyzers3msi8analyzerNtB2_11MsiAnalyzer3new
FN:142,_RNvXs0_NtNtNtCs2d2tQKB902M_18installer_analyzer9analyzers3msi8analyzerNtB5_11MsiAnalyzerNtB9_17InstallerAnalyzer11can_analyze
FN:160,_RNvXs0_NtNtNtCs2d2tQKB902M_18installer_analyzer9analyzers3msi8analyzerNtB5_11MsiAnalyzerNtB9_17InstallerAnalyzer13extract_files
FN:153,_RNvXs0_NtNtNtCs2d2tQKB902M_18installer_analyzer9analyzers3msi8analyzerNtB5_11MsiAnalyzerNtB9_17InstallerAnalyzer16extract_metadata
FN:170,_RNvXs0_NtNtNtCs2d2tQKB902M_18installer_analyzer9analyzers3msi8analyzerNtB5_11MsiAnalyzerNtB9_17InstallerAnalyzer27extract_registry_operations
FN:144,_RNvXs0_NtNtNtCs2d2tQKB902M_18installer_analyzer9analyzers3msi8analyzerNtB5_11MsiAnalyzerNtB9_17InstallerAnalyzer6format
FN:174,_RNvXs_NtNtNtCs2d2tQKB902M_18installer_analyzer9analyzers3msi8analyzerNtB4_11MsiAnalyzerNtNtCsaDtq73Zt8sT_4core7default7Default7default
FNDA:0,_RNCNvMNtNtNtCs2d2tQKB902M_18installer_analyzer9analyzers3msi8analyzerNtB4_11MsiAnalyzer17extract_msi_files0Ba_
FNDA:0,_RNCNvMNtNtNtCs2d2tQKB902M_18installer_analyzer9analyzers3msi8analyzerNtB4_11MsiAnalyzer17has_msi_signature0Ba_
FNDA:0,_RNCNvMNtNtNtCs2d2tQKB902M_18installer_analyzer9analyzers3msi8analyzerNtB4_11MsiAnalyzer20extract_msi_metadata0Ba_
FNDA:0,_RNCNvMNtNtNtCs2d2tQKB902M_18installer_analyzer9analyzers3msi8analyzerNtB4_11MsiAnalyzer20extract_msi_registry0Ba_
FNDA:0,_RNCNvXs0_NtNtNtCs2d2tQKB902M_18installer_analyzer9analyzers3msi8analyzerNtB7_11MsiAnalyzerNtBb_17InstallerAnalyzer11can_analyze0Bd_
FNDA:0,_RNCNvXs0_NtNtNtCs2d2tQKB902M_18installer_analyzer9analyzers3msi8analyzerNtB7_11MsiAnalyzerNtBb_17InstallerAnalyzer13extract_files0Bd_
FNDA:0,_RNCNvXs0_NtNtNtCs2d2tQKB902M_18installer_analyzer9analyzers3msi8analyzerNtB7_11MsiAnalyzerNtBb_17InstallerAnalyzer16extract_metadata0Bd_
FNDA:0,_RNCNvXs0_NtNtNtCs2d2tQKB902M_18installer_analyzer9analyzers3msi8analyzerNtB7_11MsiAnalyzerNtBb_17InstallerAnalyzer27extract_registry_operations0Bd_
FNDA:0,_RNvMNtNtNtCs2d2tQKB902M_18installer_analyzer9analyzers3msi8analyzerNtB2_11MsiAnalyzer17extract_msi_files
FNDA:0,_RNvMNtNtNtCs2d2tQKB902M_18installer_analyzer9analyzers3msi8analyzerNtB2_11MsiAnalyzer17has_msi_signature
FNDA:0,_RNvMNtNtNtCs2d2tQKB902M_18installer_analyzer9analyzers3msi8analyzerNtB2_11MsiAnalyzer20extract_msi_metadata
FNDA:0,_RNvMNtNtNtCs2d2tQKB902M_18installer_analyzer9analyzers3msi8analyzerNtB2_11MsiAnalyzer20extract_msi_registry
FNDA:0,_RNvMNtNtNtCs2d2tQKB902M_18installer_analyzer9analyzers3msi8analyzerNtB2_11MsiAnalyzer3new
FNDA:0,_RNvXs0_NtNtNtCs2d2tQKB902M_18installer_analyzer9analyzers3msi8analyzerNtB5_11MsiAnalyzerNtB9_17InstallerAnalyzer11can_analyze
FNDA:0,_RNvXs0_NtNtNtCs2d2tQKB902M_18installer_analyzer9analyzers3msi8analyzerNtB5_11MsiAnalyzerNtB9_17InstallerAnalyzer13extract_files
FNDA:0,_RNvXs0_NtNtNtCs2d2tQKB902M_18installer_analyzer9analyzers3msi8analyzerNtB5_11MsiAnalyzerNtB9_17InstallerAnalyzer16extract_metadata
FNDA:0,_RNvXs0_NtNtNtCs2d2tQKB902M_18installer_analyzer9analyzers3msi8analyzerNtB5_11MsiAnalyzerNtB9_17InstallerAnalyzer27extract_registry_operations
FNDA:0,_RNvXs0_NtNtNtCs2d2tQKB902M_18installer_analyzer9analyzers3msi8analyzerNtB5_11MsiAnalyzerNtB9_17InstallerAnalyzer6format
FNDA:0,_RNvXs_NtNtNtCs2d2tQKB902M_18installer_analyzer9analyzers3msi8analyzerNtB4_11MsiAnalyzerNtNtCsaDtq73Zt8sT_4core7default7Default7default
FNF:19
FNH:0
DA:17,0
DA:18,0
DA:19,0
DA:22,0
DA:23,0
DA:27,0
DA:28,0
DA:29,0
DA:30,0
DA:32,0
DA:34,0
DA:37,0
DA:38,0
DA:39,0
DA:42,0
DA:43,0
DA:44,0
DA:45,0
DA:46,0
DA:47,0
DA:48,0
DA:49,0
DA:51,0
DA:52,0
DA:53,0
DA:54,0
DA:55,0
DA:56,0
DA:58,0
DA:61,0
DA:63,0
DA:64,0
DA:65,0
DA:68,0
DA:69,0
DA:70,0
DA:75,0
DA:76,0
DA:77,0
DA:78,0
DA:79,0
DA:80,0
DA:81,0
DA:82,0
DA:83,0
DA:84,0
DA:85,0
DA:86,0
DA:87,0
DA:88,0
DA:89,0
DA:90,0
DA:91,0
DA:94,0
DA:95,0
DA:98,0
DA:99,0
DA:101,0
DA:102,0
DA:103,0
DA:104,0
DA:108,0
DA:109,0
DA:110,0
DA:111,0
DA:114,0
DA:115,0
DA:118,0
DA:120,0
DA:123,0
DA:124,0
DA:125,0
DA:126,0
DA:131,0
DA:133,0
DA:134,0
DA:136,0
DA:137,0
DA:138,0
DA:141,0
DA:142,0
DA:144,0
DA:145,0
DA:146,0
DA:148,0
DA:150,0
DA:152,0
DA:153,0
DA:155,0
DA:157,0
DA:159,0
DA:160,0
DA:165,0
DA:167,0
DA:169,0
DA:170,0
DA:174,0
DA:175,0
DA:176,0
BRF:0
BRH:0
LF:107
LH:0
end_of_record
SF:C:\Users\hallong.hallong-PC3\Documents\augment-projects\installer-analysis\src\analyzers\msi\database.rs
FN:188,_RNCNvMs2_NtNtNtCs2d2tQKB902M_18installer_analyzer9analyzers3msi8databaseNtB7_9MsiRecord10get_string0Bd_
FN:193,_RNCNvMs2_NtNtNtCs2d2tQKB902M_18installer_analyzer9analyzers3msi8databaseNtB7_9MsiRecord10get_strings_0Bd_
FN:49,_RNvMNtNtNtCs2d2tQKB902M_18installer_analyzer9analyzers3msi8databaseNtB2_11MsiDatabase13execute_query
FN:22,_RNvMNtNtNtCs2d2tQKB902M_18installer_analyzer9analyzers3msi8databaseNtB2_11MsiDatabase4open
FN:84,_RNvMNtNtNtCs2d2tQKB902M_18installer_analyzer9analyzers3msi8databaseNtB2_11MsiDatabase6handle
FN:126,_RNvMs0_NtNtNtCs2d2tQKB902M_18installer_analyzer9analyzers3msi8databaseNtB5_7MsiView15collect_records
FN:106,_RNvMs0_NtNtNtCs2d2tQKB902M_18installer_analyzer9analyzers3msi8databaseNtB5_7MsiView5fetch
FN:155,_RNvMs2_NtNtNtCs2d2tQKB902M_18installer_analyzer9analyzers3msi8databaseNtB5_9MsiRecord10get_string
FN:197,_RNvMs2_NtNtNtCs2d2tQKB902M_18installer_analyzer9analyzers3msi8databaseNtB5_9MsiRecord11get_integer
FN:205,_RNvMs2_NtNtNtCs2d2tQKB902M_18installer_analyzer9analyzers3msi8databaseNtB5_9MsiRecord7is_null
FN:138,_RNvXs1_NtNtNtCs2d2tQKB902M_18installer_analyzer9analyzers3msi8databaseNtB5_7MsiViewNtNtNtCsaDtq73Zt8sT_4core3ops4drop4Drop4drop
FN:214,_RNvXs3_NtNtNtCs2d2tQKB902M_18installer_analyzer9analyzers3msi8databaseNtB5_9MsiRecordNtNtNtCsaDtq73Zt8sT_4core3ops4drop4Drop4drop
FN:90,_RNvXs_NtNtNtCs2d2tQKB902M_18installer_analyzer9analyzers3msi8databaseNtB4_11MsiDatabaseNtNtNtCsaDtq73Zt8sT_4core3ops4drop4Drop4drop
FNDA:0,_RNCNvMs2_NtNtNtCs2d2tQKB902M_18installer_analyzer9analyzers3msi8databaseNtB7_9MsiRecord10get_string0Bd_
FNDA:0,_RNCNvMs2_NtNtNtCs2d2tQKB902M_18installer_analyzer9analyzers3msi8databaseNtB7_9MsiRecord10get_strings_0Bd_
FNDA:0,_RNvMNtNtNtCs2d2tQKB902M_18installer_analyzer9analyzers3msi8databaseNtB2_11MsiDatabase13execute_query
FNDA:0,_RNvMNtNtNtCs2d2tQKB902M_18installer_analyzer9analyzers3msi8databaseNtB2_11MsiDatabase4open
FNDA:0,_RNvMNtNtNtCs2d2tQKB902M_18installer_analyzer9analyzers3msi8databaseNtB2_11MsiDatabase6handle
FNDA:0,_RNvMs0_NtNtNtCs2d2tQKB902M_18installer_analyzer9analyzers3msi8databaseNtB5_7MsiView15collect_records
FNDA:0,_RNvMs0_NtNtNtCs2d2tQKB902M_18installer_analyzer9analyzers3msi8databaseNtB5_7MsiView5fetch
FNDA:0,_RNvMs2_NtNtNtCs2d2tQKB902M_18installer_analyzer9analyzers3msi8databaseNtB5_9MsiRecord10get_string
FNDA:0,_RNvMs2_NtNtNtCs2d2tQKB902M_18installer_analyzer9analyzers3msi8databaseNtB5_9MsiRecord11get_integer
FNDA:0,_RNvMs2_NtNtNtCs2d2tQKB902M_18installer_analyzer9analyzers3msi8databaseNtB5_9MsiRecord7is_null
FNDA:0,_RNvXs1_NtNtNtCs2d2tQKB902M_18installer_analyzer9analyzers3msi8databaseNtB5_7MsiViewNtNtNtCsaDtq73Zt8sT_4core3ops4drop4Drop4drop
FNDA:0,_RNvXs3_NtNtNtCs2d2tQKB902M_18installer_analyzer9analyzers3msi8databaseNtB5_9MsiRecordNtNtNtCsaDtq73Zt8sT_4core3ops4drop4Drop4drop
FNDA:0,_RNvXs_NtNtNtCs2d2tQKB902M_18installer_analyzer9analyzers3msi8databaseNtB4_11MsiDatabaseNtNtNtCsaDtq73Zt8sT_4core3ops4drop4Drop4drop
FNF:13
FNH:0
DA:22,0
DA:23,0
DA:24,0
DA:25,0
DA:26,0
DA:27,0
DA:28,0
DA:29,0
DA:30,0
DA:31,0
DA:32,0
DA:33,0
DA:34,0
DA:35,0
DA:36,0
DA:37,0
DA:38,0
DA:39,0
DA:40,0
DA:41,0
DA:42,0
DA:43,0
DA:44,0
DA:45,0
DA:46,0
DA:49,0
DA:50,0
DA:51,0
DA:52,0
DA:53,0
DA:54,0
DA:55,0
DA:56,0
DA:57,0
DA:58,0
DA:59,0
DA:60,0
DA:61,0
DA:62,0
DA:63,0
DA:64,0
DA:65,0
DA:66,0
DA:67,0
DA:68,0
DA:69,0
DA:70,0
DA:71,0
DA:72,0
DA:73,0
DA:74,0
DA:75,0
DA:76,0
DA:77,0
DA:78,0
DA:79,0
DA:80,0
DA:81,0
DA:84,0
DA:85,0
DA:86,0
DA:90,0
DA:91,0
DA:92,0
DA:93,0
DA:94,0
DA:95,0
DA:96,0
DA:106,0
DA:107,0
DA:108,0
DA:109,0
DA:110,0
DA:111,0
DA:112,0
DA:113,0
DA:114,0
DA:115,0
DA:116,0
DA:117,0
DA:118,0
DA:119,0
DA:120,0
DA:123,0
DA:126,0
DA:127,0
DA:129,0
DA:130,0
DA:131,0
DA:133,0
DA:134,0
DA:138,0
DA:139,0
DA:140,0
DA:141,0
DA:142,0
DA:143,0
DA:144,0
DA:145,0
DA:155,0
DA:156,0
DA:157,0
DA:158,0
DA:159,0
DA:160,0
DA:161,0
DA:162,0
DA:163,0
DA:164,0
DA:165,0
DA:166,0
DA:167,0
DA:168,0
DA:169,0
DA:170,0
DA:171,0
DA:172,0
DA:173,0
DA:174,0
DA:175,0
DA:176,0
DA:177,0
DA:178,0
DA:179,0
DA:180,0
DA:181,0
DA:182,0
DA:183,0
DA:184,0
DA:185,0
DA:186,0
DA:187,0
DA:188,0
DA:189,0
DA:190,0
DA:191,0
DA:192,0
DA:193,0
DA:194,0
DA:197,0
DA:198,0
DA:199,0
DA:200,0
DA:201,0
DA:202,0
DA:205,0
DA:206,0
DA:207,0
DA:208,0
DA:209,0
DA:210,0
DA:214,0
DA:215,0
DA:216,0
DA:217,0
DA:218,0
DA:219,0
DA:220,0
BRF:0
BRH:0
LF:160
LH:0
end_of_record
SF:C:\Users\hallong.hallong-PC3\Documents\augment-projects\installer-analysis\src\analyzers\msi\tables.rs
FN:217,_RNCNvMNtNtNtCs2d2tQKB902M_18installer_analyzer9analyzers3msi6tablesNtB4_9MsiTables23convert_to_file_entries0Ba_
FN:219,_RNCNvMNtNtNtCs2d2tQKB902M_18installer_analyzer9analyzers3msi6tablesNtB4_9MsiTables23convert_to_file_entriess0_0Ba_
FN:218,_RNCNvMNtNtNtCs2d2tQKB902M_18installer_analyzer9analyzers3msi6tablesNtB4_9MsiTables23convert_to_file_entriess_0Ba_
FN:71,_RNvMNtNtNtCs2d2tQKB902M_18installer_analyzer9analyzers3msi6tablesNtB2_9MsiTables11query_files
FN:150,_RNvMNtNtNtCs2d2tQKB902M_18installer_analyzer9analyzers3msi6tablesNtB2_9MsiTables14query_registry
FN:55,_RNvMNtNtNtCs2d2tQKB902M_18installer_analyzer9analyzers3msi6tablesNtB2_9MsiTables16query_properties
FN:124,_RNvMNtNtNtCs2d2tQKB902M_18installer_analyzer9analyzers3msi6tablesNtB2_9MsiTables17query_directories
FN:269,_RNvMNtNtNtCs2d2tQKB902M_18installer_analyzer9analyzers3msi6tablesNtB2_9MsiTables19format_registry_key
FN:285,_RNvMNtNtNtCs2d2tQKB902M_18installer_analyzer9analyzers3msi6tablesNtB2_9MsiTables20parse_registry_value
FN:187,_RNvMNtNtNtCs2d2tQKB902M_18installer_analyzer9analyzers3msi6tablesNtB2_9MsiTables23convert_to_file_entries
FN:237,_RNvMNtNtNtCs2d2tQKB902M_18installer_analyzer9analyzers3msi6tablesNtB2_9MsiTables30convert_to_registry_operations
FNDA:0,_RNCNvMNtNtNtCs2d2tQKB902M_18installer_analyzer9analyzers3msi6tablesNtB4_9MsiTables23convert_to_file_entries0Ba_
FNDA:0,_RNCNvMNtNtNtCs2d2tQKB902M_18installer_analyzer9analyzers3msi6tablesNtB4_9MsiTables23convert_to_file_entriess0_0Ba_
FNDA:0,_RNCNvMNtNtNtCs2d2tQKB902M_18installer_analyzer9analyzers3msi6tablesNtB4_9MsiTables23convert_to_file_entriess_0Ba_
FNDA:0,_RNvMNtNtNtCs2d2tQKB902M_18installer_analyzer9analyzers3msi6tablesNtB2_9MsiTables11query_files
FNDA:0,_RNvMNtNtNtCs2d2tQKB902M_18installer_analyzer9analyzers3msi6tablesNtB2_9MsiTables14query_registry
FNDA:0,_RNvMNtNtNtCs2d2tQKB902M_18installer_analyzer9analyzers3msi6tablesNtB2_9MsiTables16query_properties
FNDA:0,_RNvMNtNtNtCs2d2tQKB902M_18installer_analyzer9analyzers3msi6tablesNtB2_9MsiTables17query_directories
FNDA:0,_RNvMNtNtNtCs2d2tQKB902M_18installer_analyzer9analyzers3msi6tablesNtB2_9MsiTables19format_registry_key
FNDA:0,_RNvMNtNtNtCs2d2tQKB902M_18installer_analyzer9analyzers3msi6tablesNtB2_9MsiTables20parse_registry_value
FNDA:0,_RNvMNtNtNtCs2d2tQKB902M_18installer_analyzer9analyzers3msi6tablesNtB2_9MsiTables23convert_to_file_entries
FNDA:0,_RNvMNtNtNtCs2d2tQKB902M_18installer_analyzer9analyzers3msi6tablesNtB2_9MsiTables30convert_to_registry_operations
FNF:11
FNH:0
DA:55,0
DA:56,0
DA:57,0
DA:59,0
DA:60,0
DA:61,0
DA:62,0
DA:64,0
DA:67,0
DA:68,0
DA:71,0
DA:72,0
DA:73,0
DA:74,0
DA:76,0
DA:77,0
DA:78,0
DA:79,0
DA:80,0
DA:82,0
DA:83,0
DA:85,0
DA:87,0
DA:88,0
DA:90,0
DA:92,0
DA:93,0
DA:95,0
DA:97,0
DA:98,0
DA:100,0
DA:102,0
DA:103,0
DA:105,0
DA:108,0
DA:109,0
DA:110,0
DA:111,0
DA:112,0
DA:113,0
DA:114,0
DA:115,0
DA:116,0
DA:117,0
DA:120,0
DA:121,0
DA:124,0
DA:125,0
DA:126,0
DA:127,0
DA:129,0
DA:130,0
DA:131,0
DA:132,0
DA:133,0
DA:135,0
DA:137,0
DA:139,0
DA:140,0
DA:141,0
DA:142,0
DA:143,0
DA:146,0
DA:147,0
DA:150,0
DA:151,0
DA:152,0
DA:153,0
DA:154,0
DA:156,0
DA:157,0
DA:158,0
DA:159,0
DA:160,0
DA:161,0
DA:162,0
DA:164,0
DA:166,0
DA:167,0
DA:169,0
DA:171,0
DA:173,0
DA:174,0
DA:175,0
DA:176,0
DA:177,0
DA:178,0
DA:179,0
DA:180,0
DA:183,0
DA:184,0
DA:187,0
DA:188,0
DA:189,0
DA:190,0
DA:191,0
DA:192,0
DA:195,0
DA:196,0
DA:197,0
DA:200,0
DA:201,0
DA:203,0
DA:204,0
DA:205,0
DA:206,0
DA:207,0
DA:208,0
DA:210,0
DA:213,0
DA:214,0
DA:216,0
DA:217,0
DA:218,0
DA:219,0
DA:220,0
DA:223,0
DA:224,0
DA:225,0
DA:226,0
DA:227,0
DA:228,0
DA:229,0
DA:230,0
DA:233,0
DA:234,0
DA:237,0
DA:238,0
DA:240,0
DA:241,0
DA:243,0
DA:244,0
DA:245,0
DA:246,0
DA:247,0
DA:248,0
DA:249,0
DA:250,0
DA:251,0
DA:252,0
DA:253,0
DA:254,0
DA:255,0
DA:256,0
DA:257,0
DA:258,0
DA:259,0
DA:260,0
DA:261,0
DA:262,0
DA:265,0
DA:266,0
DA:269,0
DA:270,0
DA:271,0
DA:272,0
DA:273,0
DA:274,0
DA:275,0
DA:276,0
DA:277,0
DA:278,0
DA:281,0
DA:282,0
DA:285,0
DA:287,0
DA:289,0
DA:290,0
DA:291,0
DA:292,0
DA:294,0
DA:295,0
DA:296,0
DA:297,0
DA:300,0
DA:301,0
DA:302,0
DA:303,0
DA:304,0
BRF:0
BRH:0
LF:182
LH:0
end_of_record
SF:C:\Users\hallong.hallong-PC3\Documents\augment-projects\installer-analysis\src\analyzers\msix\analyzer.rs
FN:49,_RNCNCNvMNtNtNtCs2d2tQKB902M_18installer_analyzer9analyzers4msix8analyzerNtB6_12MsixAnalyzer21extract_msix_metadata00Bc_
FN:50,_RNCNCNvMNtNtNtCs2d2tQKB902M_18installer_analyzer9analyzers4msix8analyzerNtB6_12MsixAnalyzer21extract_msix_metadata0s_0Bc_
FN:24,_RNCNvMNtNtNtCs2d2tQKB902M_18installer_analyzer9analyzers4msix8analyzerNtB4_12MsixAnalyzer12is_msix_file0Ba_
FN:68,_RNCNvMNtNtNtCs2d2tQKB902M_18installer_analyzer9analyzers4msix8analyzerNtB4_12MsixAnalyzer18extract_msix_files0Ba_
FN:29,_RNCNvMNtNtNtCs2d2tQKB902M_18installer_analyzer9analyzers4msix8analyzerNtB4_12MsixAnalyzer21extract_msix_metadata0Ba_
FN:82,_RNCNvMNtNtNtCs2d2tQKB902M_18installer_analyzer9analyzers4msix8analyzerNtB4_12MsixAnalyzer21extract_msix_registry0Ba_
FN:95,_RNCNvXs0_NtNtNtCs2d2tQKB902M_18installer_analyzer9analyzers4msix8analyzerNtB7_12MsixAnalyzerNtBb_17InstallerAnalyzer11can_analyze0Bd_
FN:114,_RNCNvXs0_NtNtNtCs2d2tQKB902M_18installer_analyzer9analyzers4msix8analyzerNtB7_12MsixAnalyzerNtBb_17InstallerAnalyzer13extract_files0Bd_
FN:107,_RNCNvXs0_NtNtNtCs2d2tQKB902M_18installer_analyzer9analyzers4msix8analyzerNtB7_12MsixAnalyzerNtBb_17InstallerAnalyzer16extract_metadata0Bd_
FN:124,_RNCNvXs0_NtNtNtCs2d2tQKB902M_18installer_analyzer9analyzers4msix8analyzerNtB7_12MsixAnalyzerNtBb_17InstallerAnalyzer27extract_registry_operations0Bd_
FN:24,_RNvMNtNtNtCs2d2tQKB902M_18installer_analyzer9analyzers4msix8analyzerNtB2_12MsixAnalyzer12is_msix_file
FN:68,_RNvMNtNtNtCs2d2tQKB902M_18installer_analyzer9analyzers4msix8analyzerNtB2_12MsixAnalyzer18extract_msix_files
FN:29,_RNvMNtNtNtCs2d2tQKB902M_18installer_analyzer9analyzers4msix8analyzerNtB2_12MsixAnalyzer21extract_msix_metadata
FN:82,_RNvMNtNtNtCs2d2tQKB902M_18installer_analyzer9analyzers4msix8analyzerNtB2_12MsixAnalyzer21extract_msix_registry
FN:17,_RNvMNtNtNtCs2d2tQKB902M_18installer_analyzer9analyzers4msix8analyzerNtB2_12MsixAnalyzer3new
FN:101,_RNvXs0_NtNtNtCs2d2tQKB902M_18installer_analyzer9analyzers4msix8analyzerNtB5_12MsixAnalyzerNtB9_17InstallerAnalyzer11can_analyze
FN:119,_RNvXs0_NtNtNtCs2d2tQKB902M_18installer_analyzer9analyzers4msix8analyzerNtB5_12MsixAnalyzerNtB9_17InstallerAnalyzer13extract_files
FN:112,_RNvXs0_NtNtNtCs2d2tQKB902M_18installer_analyzer9analyzers4msix8analyzerNtB5_12MsixAnalyzerNtB9_17InstallerAnalyzer16extract_metadata
FN:129,_RNvXs0_NtNtNtCs2d2tQKB902M_18installer_analyzer9analyzers4msix8analyzerNtB5_12MsixAnalyzerNtB9_17InstallerAnalyzer27extract_registry_operations
FN:103,_RNvXs0_NtNtNtCs2d2tQKB902M_18installer_analyzer9analyzers4msix8analyzerNtB5_12MsixAnalyzerNtB9_17InstallerAnalyzer6format
FN:133,_RNvXs_NtNtNtCs2d2tQKB902M_18installer_analyzer9analyzers4msix8analyzerNtB4_12MsixAnalyzerNtNtCsaDtq73Zt8sT_4core7default7Default7default
FNDA:0,_RNCNCNvMNtNtNtCs2d2tQKB902M_18installer_analyzer9analyzers4msix8analyzerNtB6_12MsixAnalyzer21extract_msix_metadata00Bc_
FNDA:0,_RNCNCNvMNtNtNtCs2d2tQKB902M_18installer_analyzer9analyzers4msix8analyzerNtB6_12MsixAnalyzer21extract_msix_metadata0s_0Bc_
FNDA:0,_RNCNvMNtNtNtCs2d2tQKB902M_18installer_analyzer9analyzers4msix8analyzerNtB4_12MsixAnalyzer12is_msix_file0Ba_
FNDA:0,_RNCNvMNtNtNtCs2d2tQKB902M_18installer_analyzer9analyzers4msix8analyzerNtB4_12MsixAnalyzer18extract_msix_files0Ba_
FNDA:0,_RNCNvMNtNtNtCs2d2tQKB902M_18installer_analyzer9analyzers4msix8analyzerNtB4_12MsixAnalyzer21extract_msix_metadata0Ba_
FNDA:0,_RNCNvMNtNtNtCs2d2tQKB902M_18installer_analyzer9analyzers4msix8analyzerNtB4_12MsixAnalyzer21extract_msix_registry0Ba_
FNDA:0,_RNCNvXs0_NtNtNtCs2d2tQKB902M_18installer_analyzer9analyzers4msix8analyzerNtB7_12MsixAnalyzerNtBb_17InstallerAnalyzer11can_analyze0Bd_
FNDA:0,_RNCNvXs0_NtNtNtCs2d2tQKB902M_18installer_analyzer9analyzers4msix8analyzerNtB7_12MsixAnalyzerNtBb_17InstallerAnalyzer13extract_files0Bd_
FNDA:0,_RNCNvXs0_NtNtNtCs2d2tQKB902M_18installer_analyzer9analyzers4msix8analyzerNtB7_12MsixAnalyzerNtBb_17InstallerAnalyzer16extract_metadata0Bd_
FNDA:0,_RNCNvXs0_NtNtNtCs2d2tQKB902M_18installer_analyzer9analyzers4msix8analyzerNtB7_12MsixAnalyzerNtBb_17InstallerAnalyzer27extract_registry_operations0Bd_
FNDA:0,_RNvMNtNtNtCs2d2tQKB902M_18installer_analyzer9analyzers4msix8analyzerNtB2_12MsixAnalyzer12is_msix_file
FNDA:0,_RNvMNtNtNtCs2d2tQKB902M_18installer_analyzer9analyzers4msix8analyzerNtB2_12MsixAnalyzer18extract_msix_files
FNDA:0,_RNvMNtNtNtCs2d2tQKB902M_18installer_analyzer9analyzers4msix8analyzerNtB2_12MsixAnalyzer21extract_msix_metadata
FNDA:0,_RNvMNtNtNtCs2d2tQKB902M_18installer_analyzer9analyzers4msix8analyzerNtB2_12MsixAnalyzer21extract_msix_registry
FNDA:0,_RNvMNtNtNtCs2d2tQKB902M_18installer_analyzer9analyzers4msix8analyzerNtB2_12MsixAnalyzer3new
FNDA:0,_RNvXs0_NtNtNtCs2d2tQKB902M_18installer_analyzer9analyzers4msix8analyzerNtB5_12MsixAnalyzerNtB9_17InstallerAnalyzer11can_analyze
FNDA:0,_RNvXs0_NtNtNtCs2d2tQKB902M_18installer_analyzer9analyzers4msix8analyzerNtB5_12MsixAnalyzerNtB9_17InstallerAnalyzer13extract_files
FNDA:0,_RNvXs0_NtNtNtCs2d2tQKB902M_18installer_analyzer9analyzers4msix8analyzerNtB5_12MsixAnalyzerNtB9_17InstallerAnalyzer16extract_metadata
FNDA:0,_RNvXs0_NtNtNtCs2d2tQKB902M_18installer_analyzer9analyzers4msix8analyzerNtB5_12MsixAnalyzerNtB9_17InstallerAnalyzer27extract_registry_operations
FNDA:0,_RNvXs0_NtNtNtCs2d2tQKB902M_18installer_analyzer9analyzers4msix8analyzerNtB5_12MsixAnalyzerNtB9_17InstallerAnalyzer6format
FNDA:0,_RNvXs_NtNtNtCs2d2tQKB902M_18installer_analyzer9analyzers4msix8analyzerNtB4_12MsixAnalyzerNtNtCsaDtq73Zt8sT_4core7default7Default7default
FNF:21
FNH:0
DA:17,0
DA:18,0
DA:19,0
DA:20,0
DA:21,0
DA:24,0
DA:25,0
DA:26,0
DA:29,0
DA:30,0
DA:31,0
DA:34,0
DA:37,0
DA:38,0
DA:39,0
DA:40,0
DA:41,0
DA:42,0
DA:43,0
DA:47,0
DA:48,0
DA:49,0
DA:50,0
DA:51,0
DA:55,0
DA:56,0
DA:57,0
DA:58,0
DA:59,0
DA:60,0
DA:61,0
DA:62,0
DA:63,0
DA:64,0
DA:65,0
DA:68,0
DA:69,0
DA:70,0
DA:71,0
DA:74,0
DA:76,0
DA:78,0
DA:79,0
DA:82,0
DA:83,0
DA:84,0
DA:85,0
DA:86,0
DA:87,0
DA:88,0
DA:89,0
DA:90,0
DA:95,0
DA:97,0
DA:100,0
DA:101,0
DA:103,0
DA:104,0
DA:105,0
DA:107,0
DA:109,0
DA:111,0
DA:112,0
DA:114,0
DA:116,0
DA:118,0
DA:119,0
DA:124,0
DA:126,0
DA:128,0
DA:129,0
DA:133,0
DA:134,0
DA:135,0
BRF:0
BRH:0
LF:84
LH:0
end_of_record
SF:C:\Users\hallong.hallong-PC3\Documents\augment-projects\installer-analysis\src\analyzers\msix\parser.rs
FN:59,_RNCNvMNtNtNtCs2d2tQKB902M_18installer_analyzer9analyzers4msix6parserNtB4_10MsixParser12is_msix_file0Ba_
FN:245,_RNCNvMNtNtNtCs2d2tQKB902M_18installer_analyzer9analyzers4msix6parserNtB4_10MsixParser13extract_files0Ba_
FN:253,_RNCNvMNtNtNtCs2d2tQKB902M_18installer_analyzer9analyzers4msix6parserNtB4_10MsixParser23extract_msix_properties0Ba_
FN:79,_RNCNvMNtNtNtCs2d2tQKB902M_18installer_analyzer9analyzers4msix6parserNtB4_10MsixParser24extract_manifest_content0Ba_
FN:90,_RNCNvMNtNtNtCs2d2tQKB902M_18installer_analyzer9analyzers4msix6parserNtB4_10MsixParser24extract_manifest_contents0_0Ba_
FN:83,_RNCNvMNtNtNtCs2d2tQKB902M_18installer_analyzer9analyzers4msix6parserNtB4_10MsixParser24extract_manifest_contents_0Ba_
FN:59,_RNvMNtNtNtCs2d2tQKB902M_18installer_analyzer9analyzers4msix6parserNtB2_10MsixParser12is_msix_file
FN:245,_RNvMNtNtNtCs2d2tQKB902M_18installer_analyzer9analyzers4msix6parserNtB2_10MsixParser13extract_files
FN:239,_RNvMNtNtNtCs2d2tQKB902M_18installer_analyzer9analyzers4msix6parserNtB2_10MsixParser16extract_manifest
FN:213,_RNvMNtNtNtCs2d2tQKB902M_18installer_analyzer9analyzers4msix6parserNtB2_10MsixParser21extract_xml_attribute
FN:103,_RNvMNtNtNtCs2d2tQKB902M_18installer_analyzer9analyzers4msix6parserNtB2_10MsixParser22parse_manifest_content
FN:250,_RNvMNtNtNtCs2d2tQKB902M_18installer_analyzer9analyzers4msix6parserNtB2_10MsixParser23extract_msix_properties
FN:76,_RNvMNtNtNtCs2d2tQKB902M_18installer_analyzer9analyzers4msix6parserNtB2_10MsixParser24extract_manifest_content
FN:225,_RNvMNtNtNtCs2d2tQKB902M_18installer_analyzer9analyzers4msix6parserNtB2_10MsixParser27extract_xml_element_content
FN:52,_RNvMNtNtNtCs2d2tQKB902M_18installer_analyzer9analyzers4msix6parserNtB2_10MsixParser3new
FN:316,_RNvXs_NtNtNtCs2d2tQKB902M_18installer_analyzer9analyzers4msix6parserNtB4_10MsixParserNtNtCsaDtq73Zt8sT_4core7default7Default7default
FNDA:0,_RNCNvMNtNtNtCs2d2tQKB902M_18installer_analyzer9analyzers4msix6parserNtB4_10MsixParser12is_msix_file0Ba_
FNDA:0,_RNCNvMNtNtNtCs2d2tQKB902M_18installer_analyzer9analyzers4msix6parserNtB4_10MsixParser13extract_files0Ba_
FNDA:0,_RNCNvMNtNtNtCs2d2tQKB902M_18installer_analyzer9analyzers4msix6parserNtB4_10MsixParser23extract_msix_properties0Ba_
FNDA:0,_RNCNvMNtNtNtCs2d2tQKB902M_18installer_analyzer9analyzers4msix6parserNtB4_10MsixParser24extract_manifest_content0Ba_
FNDA:0,_RNCNvMNtNtNtCs2d2tQKB902M_18installer_analyzer9analyzers4msix6parserNtB4_10MsixParser24extract_manifest_contents0_0Ba_
FNDA:0,_RNCNvMNtNtNtCs2d2tQKB902M_18installer_analyzer9analyzers4msix6parserNtB4_10MsixParser24extract_manifest_contents_0Ba_
FNDA:0,_RNvMNtNtNtCs2d2tQKB902M_18installer_analyzer9analyzers4msix6parserNtB2_10MsixParser12is_msix_file
FNDA:0,_RNvMNtNtNtCs2d2tQKB902M_18installer_analyzer9analyzers4msix6parserNtB2_10MsixParser13extract_files
FNDA:0,_RNvMNtNtNtCs2d2tQKB902M_18installer_analyzer9analyzers4msix6parserNtB2_10MsixParser16extract_manifest
FNDA:0,_RNvMNtNtNtCs2d2tQKB902M_18installer_analyzer9analyzers4msix6parserNtB2_10MsixParser21extract_xml_attribute
FNDA:0,_RNvMNtNtNtCs2d2tQKB902M_18installer_analyzer9analyzers4msix6parserNtB2_10MsixParser22parse_manifest_content
FNDA:0,_RNvMNtNtNtCs2d2tQKB902M_18installer_analyzer9analyzers4msix6parserNtB2_10MsixParser23extract_msix_properties
FNDA:0,_RNvMNtNtNtCs2d2tQKB902M_18installer_analyzer9analyzers4msix6parserNtB2_10MsixParser24extract_manifest_content
FNDA:0,_RNvMNtNtNtCs2d2tQKB902M_18installer_analyzer9analyzers4msix6parserNtB2_10MsixParser27extract_xml_element_content
FNDA:0,_RNvMNtNtNtCs2d2tQKB902M_18installer_analyzer9analyzers4msix6parserNtB2_10MsixParser3new
FNDA:0,_RNvXs_NtNtNtCs2d2tQKB902M_18installer_analyzer9analyzers4msix6parserNtB4_10MsixParserNtNtCsaDtq73Zt8sT_4core7default7Default7default
FNF:16
FNH:0
DA:52,0
DA:53,0
DA:54,0
DA:55,0
DA:56,0
DA:59,0
DA:61,0
DA:62,0
DA:63,0
DA:64,0
DA:65,0
DA:67,0
DA:71,0
DA:72,0
DA:73,0
DA:76,0
DA:77,0
DA:78,0
DA:79,0
DA:82,0
DA:83,0
DA:84,0
DA:85,0
DA:87,0
DA:88,0
DA:89,0
DA:90,0
DA:91,0
DA:92,0
DA:93,0
DA:94,0
DA:97,0
DA:98,0
DA:99,0
DA:100,0
DA:103,0
DA:104,0
DA:105,0
DA:106,0
DA:107,0
DA:108,0
DA:109,0
DA:110,0
DA:111,0
DA:112,0
DA:113,0
DA:114,0
DA:115,0
DA:116,0
DA:117,0
DA:118,0
DA:119,0
DA:120,0
DA:121,0
DA:122,0
DA:125,0
DA:126,0
DA:127,0
DA:128,0
DA:129,0
DA:130,0
DA:131,0
DA:132,0
DA:133,0
DA:134,0
DA:135,0
DA:136,0
DA:137,0
DA:138,0
DA:139,0
DA:140,0
DA:141,0
DA:144,0
DA:145,0
DA:146,0
DA:147,0
DA:148,0
DA:149,0
DA:150,0
DA:151,0
DA:152,0
DA:153,0
DA:154,0
DA:155,0
DA:156,0
DA:157,0
DA:158,0
DA:161,0
DA:162,0
DA:163,0
DA:164,0
DA:165,0
DA:167,0
DA:168,0
DA:169,0
DA:170,0
DA:171,0
DA:172,0
DA:173,0
DA:174,0
DA:175,0
DA:176,0
DA:178,0
DA:180,0
DA:185,0
DA:187,0
DA:188,0
DA:189,0
DA:190,0
DA:191,0
DA:192,0
DA:194,0
DA:195,0
DA:196,0
DA:197,0
DA:198,0
DA:199,0
DA:200,0
DA:202,0
DA:204,0
DA:209,0
DA:210,0
DA:213,0
DA:214,0
DA:215,0
DA:216,0
DA:217,0
DA:218,0
DA:219,0
DA:220,0
DA:221,0
DA:222,0
DA:225,0
DA:226,0
DA:227,0
DA:229,0
DA:230,0
DA:231,0
DA:232,0
DA:233,0
DA:234,0
DA:235,0
DA:236,0
DA:239,0
DA:240,0
DA:241,0
DA:242,0
DA:245,0
DA:246,0
DA:247,0
DA:250,0
DA:251,0
DA:252,0
DA:253,0
DA:254,0
DA:257,0
DA:258,0
DA:259,0
DA:260,0
DA:261,0
DA:262,0
DA:263,0
DA:264,0
DA:265,0
DA:266,0
DA:267,0
DA:268,0
DA:269,0
DA:270,0
DA:271,0
DA:272,0
DA:273,0
DA:274,0
DA:275,0
DA:276,0
DA:278,0
DA:279,0
DA:280,0
DA:282,0
DA:283,0
DA:284,0
DA:286,0
DA:287,0
DA:288,0
DA:290,0
DA:291,0
DA:292,0
DA:293,0
DA:294,0
DA:295,0
DA:296,0
DA:297,0
DA:298,0
DA:299,0
DA:300,0
DA:301,0
DA:303,0
DA:304,0
DA:305,0
DA:309,0
DA:310,0
DA:311,0
DA:312,0
DA:316,0
DA:317,0
DA:318,0
BRF:0
BRH:0
LF:214
LH:0
end_of_record
SF:C:\Users\hallong.hallong-PC3\Documents\augment-projects\installer-analysis\src\analyzers\nsis\analyzer.rs
FN:65,_RNCNCNCNvMNtNtNtCs2d2tQKB902M_18installer_analyzer9analyzers4nsis8analyzerNtB8_12NsisAnalyzer21extract_nsis_metadata000Be_
FN:66,_RNCNCNCNvMNtNtNtCs2d2tQKB902M_18installer_analyzer9analyzers4nsis8analyzerNtB8_12NsisAnalyzer21extract_nsis_metadata00s_0Be_
FN:61,_RNCNCNvMNtNtNtCs2d2tQKB902M_18installer_analyzer9analyzers4nsis8analyzerNtB6_12NsisAnalyzer21extract_nsis_metadata00Bc_
FN:77,_RNCNCNvMNtNtNtCs2d2tQKB902M_18installer_analyzer9analyzers4nsis8analyzerNtB6_12NsisAnalyzer21extract_nsis_metadata0s0_0Bc_
FN:72,_RNCNCNvMNtNtNtCs2d2tQKB902M_18installer_analyzer9analyzers4nsis8analyzerNtB6_12NsisAnalyzer21extract_nsis_metadata0s_0Bc_
FN:100,_RNCNvMNtNtNtCs2d2tQKB902M_18installer_analyzer9analyzers4nsis8analyzerNtB4_12NsisAnalyzer18extract_nsis_files0Ba_
FN:24,_RNCNvMNtNtNtCs2d2tQKB902M_18installer_analyzer9analyzers4nsis8analyzerNtB4_12NsisAnalyzer18has_nsis_signature0Ba_
FN:53,_RNCNvMNtNtNtCs2d2tQKB902M_18installer_analyzer9analyzers4nsis8analyzerNtB4_12NsisAnalyzer21extract_nsis_metadata0Ba_
FN:114,_RNCNvMNtNtNtCs2d2tQKB902M_18installer_analyzer9analyzers4nsis8analyzerNtB4_12NsisAnalyzer21extract_nsis_registry0Ba_
FN:133,_RNCNvXs0_NtNtNtCs2d2tQKB902M_18installer_analyzer9analyzers4nsis8analyzerNtB7_12NsisAnalyzerNtBb_17InstallerAnalyzer11can_analyze0Bd_
FN:161,_RNCNvXs0_NtNtNtCs2d2tQKB902M_18installer_analyzer9analyzers4nsis8analyzerNtB7_12NsisAnalyzerNtBb_17InstallerAnalyzer13extract_files0Bd_
FN:154,_RNCNvXs0_NtNtNtCs2d2tQKB902M_18installer_analyzer9analyzers4nsis8analyzerNtB7_12NsisAnalyzerNtBb_17InstallerAnalyzer16extract_metadata0Bd_
FN:171,_RNCNvXs0_NtNtNtCs2d2tQKB902M_18installer_analyzer9analyzers4nsis8analyzerNtB7_12NsisAnalyzerNtBb_17InstallerAnalyzer27extract_registry_operations0Bd_
FN:100,_RNvMNtNtNtCs2d2tQKB902M_18installer_analyzer9analyzers4nsis8analyzerNtB2_12NsisAnalyzer18extract_nsis_files
FN:24,_RNvMNtNtNtCs2d2tQKB902M_18installer_analyzer9analyzers4nsis8analyzerNtB2_12NsisAnalyzer18has_nsis_signature
FN:53,_RNvMNtNtNtCs2d2tQKB902M_18installer_analyzer9analyzers4nsis8analyzerNtB2_12NsisAnalyzer21extract_nsis_metadata
FN:114,_RNvMNtNtNtCs2d2tQKB902M_18installer_analyzer9analyzers4nsis8analyzerNtB2_12NsisAnalyzer21extract_nsis_registry
FN:17,_RNvMNtNtNtCs2d2tQKB902M_18installer_analyzer9analyzers4nsis8analyzerNtB2_12NsisAnalyzer3new
FN:148,_RNvXs0_NtNtNtCs2d2tQKB902M_18installer_analyzer9analyzers4nsis8analyzerNtB5_12NsisAnalyzerNtB9_17InstallerAnalyzer11can_analyze
FN:166,_RNvXs0_NtNtNtCs2d2tQKB902M_18installer_analyzer9analyzers4nsis8analyzerNtB5_12NsisAnalyzerNtB9_17InstallerAnalyzer13extract_files
FN:159,_RNvXs0_NtNtNtCs2d2tQKB902M_18installer_analyzer9analyzers4nsis8analyzerNtB5_12NsisAnalyzerNtB9_17InstallerAnalyzer16extract_metadata
FN:176,_RNvXs0_NtNtNtCs2d2tQKB902M_18installer_analyzer9analyzers4nsis8analyzerNtB5_12NsisAnalyzerNtB9_17InstallerAnalyzer27extract_registry_operations
FN:150,_RNvXs0_NtNtNtCs2d2tQKB902M_18installer_analyzer9analyzers4nsis8analyzerNtB5_12NsisAnalyzerNtB9_17InstallerAnalyzer6format
FN:180,_RNvXs_NtNtNtCs2d2tQKB902M_18installer_analyzer9analyzers4nsis8analyzerNtB4_12NsisAnalyzerNtNtCsaDtq73Zt8sT_4core7default7Default7default
FNDA:0,_RNCNCNCNvMNtNtNtCs2d2tQKB902M_18installer_analyzer9analyzers4nsis8analyzerNtB8_12NsisAnalyzer21extract_nsis_metadata000Be_
FNDA:0,_RNCNCNCNvMNtNtNtCs2d2tQKB902M_18installer_analyzer9analyzers4nsis8analyzerNtB8_12NsisAnalyzer21extract_nsis_metadata00s_0Be_
FNDA:0,_RNCNCNvMNtNtNtCs2d2tQKB902M_18installer_analyzer9analyzers4nsis8analyzerNtB6_12NsisAnalyzer21extract_nsis_metadata00Bc_
FNDA:0,_RNCNCNvMNtNtNtCs2d2tQKB902M_18installer_analyzer9analyzers4nsis8analyzerNtB6_12NsisAnalyzer21extract_nsis_metadata0s0_0Bc_
FNDA:0,_RNCNCNvMNtNtNtCs2d2tQKB902M_18installer_analyzer9analyzers4nsis8analyzerNtB6_12NsisAnalyzer21extract_nsis_metadata0s_0Bc_
FNDA:0,_RNCNvMNtNtNtCs2d2tQKB902M_18installer_analyzer9analyzers4nsis8analyzerNtB4_12NsisAnalyzer18extract_nsis_files0Ba_
FNDA:0,_RNCNvMNtNtNtCs2d2tQKB902M_18installer_analyzer9analyzers4nsis8analyzerNtB4_12NsisAnalyzer18has_nsis_signature0Ba_
FNDA:0,_RNCNvMNtNtNtCs2d2tQKB902M_18installer_analyzer9analyzers4nsis8analyzerNtB4_12NsisAnalyzer21extract_nsis_metadata0Ba_
FNDA:0,_RNCNvMNtNtNtCs2d2tQKB902M_18installer_analyzer9analyzers4nsis8analyzerNtB4_12NsisAnalyzer21extract_nsis_registry0Ba_
FNDA:0,_RNCNvXs0_NtNtNtCs2d2tQKB902M_18installer_analyzer9analyzers4nsis8analyzerNtB7_12NsisAnalyzerNtBb_17InstallerAnalyzer11can_analyze0Bd_
FNDA:0,_RNCNvXs0_NtNtNtCs2d2tQKB902M_18installer_analyzer9analyzers4nsis8analyzerNtB7_12NsisAnalyzerNtBb_17InstallerAnalyzer13extract_files0Bd_
FNDA:0,_RNCNvXs0_NtNtNtCs2d2tQKB902M_18installer_analyzer9analyzers4nsis8analyzerNtB7_12NsisAnalyzerNtBb_17InstallerAnalyzer16extract_metadata0Bd_
FNDA:0,_RNCNvXs0_NtNtNtCs2d2tQKB902M_18installer_analyzer9analyzers4nsis8analyzerNtB7_12NsisAnalyzerNtBb_17InstallerAnalyzer27extract_registry_operations0Bd_
FNDA:0,_RNvMNtNtNtCs2d2tQKB902M_18installer_analyzer9analyzers4nsis8analyzerNtB2_12NsisAnalyzer18extract_nsis_files
FNDA:0,_RNvMNtNtNtCs2d2tQKB902M_18installer_analyzer9analyzers4nsis8analyzerNtB2_12NsisAnalyzer18has_nsis_signature
FNDA:0,_RNvMNtNtNtCs2d2tQKB902M_18installer_analyzer9analyzers4nsis8analyzerNtB2_12NsisAnalyzer21extract_nsis_metadata
FNDA:0,_RNvMNtNtNtCs2d2tQKB902M_18installer_analyzer9analyzers4nsis8analyzerNtB2_12NsisAnalyzer21extract_nsis_registry
FNDA:0,_RNvMNtNtNtCs2d2tQKB902M_18installer_analyzer9analyzers4nsis8analyzerNtB2_12NsisAnalyzer3new
FNDA:0,_RNvXs0_NtNtNtCs2d2tQKB902M_18installer_analyzer9analyzers4nsis8analyzerNtB5_12NsisAnalyzerNtB9_17InstallerAnalyzer11can_analyze
FNDA:0,_RNvXs0_NtNtNtCs2d2tQKB902M_18installer_analyzer9analyzers4nsis8analyzerNtB5_12NsisAnalyzerNtB9_17InstallerAnalyzer13extract_files
FNDA:0,_RNvXs0_NtNtNtCs2d2tQKB902M_18installer_analyzer9analyzers4nsis8analyzerNtB5_12NsisAnalyzerNtB9_17InstallerAnalyzer16extract_metadata
FNDA:0,_RNvXs0_NtNtNtCs2d2tQKB902M_18installer_analyzer9analyzers4nsis8analyzerNtB5_12NsisAnalyzerNtB9_17InstallerAnalyzer27extract_registry_operations
FNDA:0,_RNvXs0_NtNtNtCs2d2tQKB902M_18installer_analyzer9analyzers4nsis8analyzerNtB5_12NsisAnalyzerNtB9_17InstallerAnalyzer6format
FNDA:0,_RNvXs_NtNtNtCs2d2tQKB902M_18installer_analyzer9analyzers4nsis8analyzerNtB4_12NsisAnalyzerNtNtCsaDtq73Zt8sT_4core7default7Default7default
FNF:24
FNH:0
[...]
FNDA:0,_RNCNCNvMNtNtCs2d2tQKB902M_18installer_analyzer9reporting9generatorNtB6_15ReportGenerator20generate_json_report0s0_0Ba_
FNDA:0,_RNCNCNvMNtNtCs2d2tQKB902M_18installer_analyzer9reporting9generatorNtB6_15ReportGenerator20generate_json_report0s1_0Ba_
FNDA:0,_RNCNCNvMNtNtCs2d2tQKB902M_18installer_analyzer9reporting9generatorNtB6_15ReportGenerator20generate_json_report0s_0Ba_
FNDA:0,_RNCNCNvMNtNtCs2d2tQKB902M_18installer_analyzer9reporting9generatorNtB6_15ReportGenerator24generate_markdown_report00Ba_
FNDA:0,_RNCNCNvMNtNtCs2d2tQKB902M_18installer_analyzer9reporting9generatorNtB6_15ReportGenerator24generate_markdown_report0s_0Ba_
FNDA:0,_RNCNvMNtNtCs2d2tQKB902M_18installer_analyzer9reporting9generatorNtB4_15ReportGenerator20calculate_risk_level0B8_
FNDA:0,_RNCNvMNtNtCs2d2tQKB902M_18installer_analyzer9reporting9generatorNtB4_15ReportGenerator20calculate_risk_levels_0B8_
FNDA:0,_RNCNvMNtNtCs2d2tQKB902M_18installer_analyzer9reporting9generatorNtB4_15ReportGenerator20generate_html_report0B8_
FNDA:0,_RNCNvMNtNtCs2d2tQKB902M_18installer_analyzer9reporting9generatorNtB4_15ReportGenerator20generate_json_report0B8_
FNDA:0,_RNCNvMNtNtCs2d2tQKB902M_18installer_analyzer9reporting9generatorNtB4_15ReportGenerator24generate_markdown_report0B8_
FNDA:0,_RNCNvMNtNtCs2d2tQKB902M_18installer_analyzer9reporting9generatorNtB4_15ReportGenerator27generate_top_files_markdown0B8_
FNDA:0,_RNCNvMNtNtCs2d2tQKB902M_18installer_analyzer9reporting9generatorNtB4_15ReportGenerator34generate_executable_files_markdown0B8_
FNDA:0,_RNCNvXs_NtNtCs2d2tQKB902M_18installer_analyzer9reporting9generatorNtB6_15ReportGeneratorNtB8_8Reporter11save_report0Ba_
FNDA:0,_RNCNvXs_NtNtCs2d2tQKB902M_18installer_analyzer9reporting9generatorNtB6_15ReportGeneratorNtB8_8Reporter15generate_report0Ba_
FNDA:0,_RNvMNtNtCs2d2tQKB902M_18installer_analyzer9reporting9generatorNtB2_15ReportGenerator20calculate_risk_level
FNDA:0,_RNvMNtNtCs2d2tQKB902M_18installer_analyzer9reporting9generatorNtB2_15ReportGenerator20generate_html_report
FNDA:0,_RNvMNtNtCs2d2tQKB902M_18installer_analyzer9reporting9generatorNtB2_15ReportGenerator20generate_json_report
FNDA:0,_RNvMNtNtCs2d2tQKB902M_18installer_analyzer9reporting9generatorNtB2_15ReportGenerator24generate_markdown_report
FNDA:0,_RNvMNtNtCs2d2tQKB902M_18installer_analyzer9reporting9generatorNtB2_15ReportGenerator27generate_top_files_markdown
FNDA:0,_RNvMNtNtCs2d2tQKB902M_18installer_analyzer9reporting9generatorNtB2_15ReportGenerator34generate_executable_files_markdown
FNDA:0,_RNvMNtNtCs2d2tQKB902M_18installer_analyzer9reporting9generatorNtB2_15ReportGenerator37generate_registry_operations_markdown
FNDA:0,_RNvMNtNtCs2d2tQKB902M_18installer_analyzer9reporting9generatorNtB2_15ReportGenerator3new
FNDA:0,_RNvXs0_NtNtCs2d2tQKB902M_18installer_analyzer9reporting9generatorNtB5_15ReportGeneratorNtNtCsaDtq73Zt8sT_4core7default7Default7default
FNDA:0,_RNvXs_NtNtCs2d2tQKB902M_18installer_analyzer9reporting9generatorNtB4_15ReportGeneratorNtB6_8Reporter11save_report
FNDA:0,_RNvXs_NtNtCs2d2tQKB902M_18installer_analyzer9reporting9generatorNtB4_15ReportGeneratorNtB6_8Reporter15generate_report
FNF:27
FNH:0
DA:15,0
DA:16,0
DA:17,0
DA:18,0
DA:19,0
DA:20,0
DA:21,0
DA:22,0
DA:23,0
DA:24,0
DA:25,0
DA:28,0
DA:29,0
DA:30,0
DA:31,0
DA:32,0
DA:33,0
DA:34,0
DA:35,0
DA:36,0
DA:37,0
DA:38,0
DA:39,0
DA:40,0
DA:41,0
DA:42,0
DA:43,0
DA:44,0
DA:45,0
DA:46,0
DA:47,0
DA:48,0
DA:49,0
DA:50,0
DA:51,0
DA:52,0
DA:53,0
DA:54,0
DA:55,0
DA:56,0
DA:57,0
DA:58,0
DA:59,0
DA:60,0
DA:61,0
DA:62,0
DA:63,0
DA:64,0
DA:65,0
DA:66,0
DA:67,0
DA:68,0
DA:69,0
DA:72,0
DA:73,0
DA:74,0
DA:75,0
DA:76,0
DA:77,0
DA:78,0
DA:81,0
DA:82,0
DA:83,0
DA:84,0
DA:85,0
DA:86,0
DA:87,0
DA:88,0
DA:89,0
DA:90,0
DA:91,0
DA:92,0
DA:93,0
DA:94,0
DA:95,0
DA:96,0
DA:97,0
DA:98,0
DA:99,0
DA:100,0
DA:101,0
DA:102,0
DA:103,0
DA:104,0
DA:105,0
DA:106,0
DA:107,0
DA:108,0
DA:109,0
DA:110,0
DA:111,0
DA:112,0
DA:113,0
DA:114,0
DA:115,0
DA:116,0
DA:117,0
DA:118,0
DA:119,0
DA:120,0
DA:121,0
DA:122,0
DA:123,0
DA:124,0
DA:125,0
DA:126,0
DA:127,0
DA:128,0
DA:129,0
DA:130,0
DA:131,0
DA:132,0
DA:133,0
DA:134,0
DA:136,0
DA:137,0
DA:138,0
DA:139,0
DA:140,0
DA:141,0
DA:142,0
DA:143,0
DA:144,0
DA:145,0
DA:146,0
DA:147,0
DA:148,0
DA:149,0
DA:150,0
DA:151,0
DA:152,0
DA:153,0
DA:154,0
DA:155,0
DA:156,0
DA:157,0
DA:158,0
DA:159,0
DA:160,0
DA:161,0
DA:162,0
DA:163,0
DA:164,0
DA:165,0
DA:166,0
DA:167,0
DA:168,0
DA:169,0
DA:172,0
DA:173,0
DA:174,0
DA:175,0
DA:176,0
DA:177,0
DA:178,0
DA:179,0
DA:180,0
DA:181,0
DA:182,0
DA:183,0
DA:184,0
DA:185,0
DA:186,0
DA:187,0
DA:189,0
DA:191,0
DA:194,0
DA:195,0
DA:196,0
DA:197,0
DA:198,0
DA:199,0
DA:200,0
DA:201,0
DA:202,0
DA:203,0
DA:204,0
DA:205,0
DA:206,0
DA:208,0
DA:209,0
DA:210,0
DA:212,0
DA:213,0
DA:216,0
DA:217,0
DA:218,0
DA:219,0
DA:220,0
DA:221,0
DA:222,0
DA:223,0
DA:224,0
DA:225,0
DA:226,0
DA:228,0
DA:229,0
DA:230,0
DA:232,0
DA:233,0
DA:236,0
DA:237,0
DA:238,0
DA:239,0
DA:240,0
DA:242,0
DA:243,0
DA:244,0
DA:245,0
DA:246,0
DA:248,0
DA:249,0
DA:250,0
DA:251,0
DA:252,0
DA:253,0
DA:254,0
DA:255,0
DA:256,0
DA:257,0
DA:258,0
DA:259,0
DA:260,0
DA:261,0
DA:263,0
DA:264,0
DA:265,0
DA:266,0
DA:267,0
DA:268,0
DA:269,0
DA:270,0
DA:271,0
DA:272,0
DA:273,0
DA:277,0
DA:278,0
DA:279,0
DA:281,0
DA:282,0
DA:286,0
DA:287,0
DA:288,0
DA:289,0
DA:290,0
DA:291,0
DA:292,0
DA:293,0
DA:294,0
DA:296,0
DA:298,0
DA:299,0
DA:300,0
DA:301,0
DA:302,0
DA:303,0
DA:304,0
DA:305,0
DA:306,0
DA:307,0
DA:308,0
DA:312,0
DA:313,0
DA:314,0
BRF:0
BRH:0
LF:281
LH:0
end_of_record
SF:C:\Users\hallong.hallong-PC3\Documents\augment-projects\installer-analysis\src\reporting\templates.rs
FN:399,_RNCNvMNtNtCs2d2tQKB902M_18installer_analyzer9reporting9templatesNtB4_18ReportTemplateData15build_file_tree0B8_
FN:418,_RNCNvMNtNtCs2d2tQKB902M_18installer_analyzer9reporting9templatesNtB4_18ReportTemplateData15build_file_trees_0B8_
FN:568,_RNCNvMNtNtCs2d2tQKB902M_18installer_analyzer9reporting9templatesNtB4_18ReportTemplateData18sort_tree_children0B8_
FN:319,_RNCNvMNtNtCs2d2tQKB902M_18installer_analyzer9reporting9templatesNtB4_18ReportTemplateData20create_security_data0B8_
FN:325,_RNCNvMNtNtCs2d2tQKB902M_18installer_analyzer9reporting9templatesNtB4_18ReportTemplateData20create_security_datas0_0B8_
FN:321,_RNCNvMNtNtCs2d2tQKB902M_18installer_analyzer9reporting9templatesNtB4_18ReportTemplateData20create_security_datas_0B8_
FN:126,_RNCNvMNtNtCs2d2tQKB902M_18installer_analyzer9reporting9templatesNtB4_18ReportTemplateData20from_analysis_result0B8_
FN:136,_RNCNvMNtNtCs2d2tQKB902M_18installer_analyzer9reporting9templatesNtB4_18ReportTemplateData20from_analysis_results0_0B8_
FN:142,_RNCNvMNtNtCs2d2tQKB902M_18installer_analyzer9reporting9templatesNtB4_18ReportTemplateData20from_analysis_results1_0B8_
FN:146,_RNCNvMNtNtCs2d2tQKB902M_18installer_analyzer9reporting9templatesNtB4_18ReportTemplateData20from_analysis_results2_0B8_
FN:158,_RNCNvMNtNtCs2d2tQKB902M_18installer_analyzer9reporting9templatesNtB4_18ReportTemplateData20from_analysis_results3_0B8_
FN:131,_RNCNvMNtNtCs2d2tQKB902M_18installer_analyzer9reporting9templatesNtB4_18ReportTemplateData20from_analysis_results_0B8_
FN:515,_RNCNvMNtNtCs2d2tQKB902M_18installer_analyzer9reporting9templatesNtB4_18ReportTemplateData20insert_into_tree_vec0B8_
FN:553,_RNCNvMNtNtCs2d2tQKB902M_18installer_analyzer9reporting9templatesNtB4_18ReportTemplateData20insert_into_tree_vecs_0B8_
FN:264,_RNCNvMNtNtCs2d2tQKB902M_18installer_analyzer9reporting9templatesNtB4_18ReportTemplateData26create_registry_operations0B8_
FN:597,_RNvMNtNtCs2d2tQKB902M_18installer_analyzer9reporting9templatesNtB2_18ReportTemplateData13get_file_icon
FN:578,_RNvMNtNtCs2d2tQKB902M_18installer_analyzer9reporting9templatesNtB2_18ReportTemplateData13get_file_type
FN:390,_RNvMNtNtCs2d2tQKB902M_18installer_analyzer9reporting9templatesNtB2_18ReportTemplateData15build_file_tree
FN:438,_RNvMNtNtCs2d2tQKB902M_18installer_analyzer9reporting9templatesNtB2_18ReportTemplateData16insert_into_tree
FN:198,_RNvMNtNtCs2d2tQKB902M_18installer_analyzer9reporting9templatesNtB2_18ReportTemplateData18create_file_groups
FN:565,_RNvMNtNtCs2d2tQKB902M_18installer_analyzer9reporting9templatesNtB2_18ReportTemplateData18sort_tree_children
FN:355,_RNvMNtNtCs2d2tQKB902M_18installer_analyzer9reporting9templatesNtB2_18ReportTemplateData20calculate_chart_data
FN:315,_RNvMNtNtCs2d2tQKB902M_18installer_analyzer9reporting9templatesNtB2_18ReportTemplateData20create_security_data
FN:120,_RNvMNtNtCs2d2tQKB902M_18installer_analyzer9reporting9templatesNtB2_18ReportTemplateData20from_analysis_result
FN:500,_RNvMNtNtCs2d2tQKB902M_18installer_analyzer9reporting9templatesNtB2_18ReportTemplateData20insert_into_tree_vec
FN:239,_RNvMNtNtCs2d2tQKB902M_18installer_analyzer9reporting9templatesNtB2_18ReportTemplateData22create_file_group_data
FN:260,_RNvMNtNtCs2d2tQKB902M_18installer_analyzer9reporting9templatesNtB2_18ReportTemplateData26create_registry_operations
FN:9,_RNvNtNtCs2d2tQKB902M_18installer_analyzer9reporting9templates19get_report_template
FNDA:0,_RNCNvMNtNtCs2d2tQKB902M_18installer_analyzer9reporting9templatesNtB4_18ReportTemplateData15build_file_tree0B8_
FNDA:0,_RNCNvMNtNtCs2d2tQKB902M_18installer_analyzer9reporting9templatesNtB4_18ReportTemplateData15build_file_trees_0B8_
FNDA:0,_RNCNvMNtNtCs2d2tQKB902M_18installer_analyzer9reporting9templatesNtB4_18ReportTemplateData18sort_tree_children0B8_
FNDA:0,_RNCNvMNtNtCs2d2tQKB902M_18installer_analyzer9reporting9templatesNtB4_18ReportTemplateData20create_security_data0B8_
FNDA:0,_RNCNvMNtNtCs2d2tQKB902M_18installer_analyzer9reporting9templatesNtB4_18ReportTemplateData20create_security_datas0_0B8_
FNDA:0,_RNCNvMNtNtCs2d2tQKB902M_18installer_analyzer9reporting9templatesNtB4_18ReportTemplateData20create_security_datas_0B8_
FNDA:0,_RNCNvMNtNtCs2d2tQKB902M_18installer_analyzer9reporting9templatesNtB4_18ReportTemplateData20from_analysis_result0B8_
FNDA:0,_RNCNvMNtNtCs2d2tQKB902M_18installer_analyzer9reporting9templatesNtB4_18ReportTemplateData20from_analysis_results0_0B8_
FNDA:0,_RNCNvMNtNtCs2d2tQKB902M_18installer_analyzer9reporting9templatesNtB4_18ReportTemplateData20from_analysis_results1_0B8_
FNDA:0,_RNCNvMNtNtCs2d2tQKB902M_18installer_analyzer9reporting9templatesNtB4_18ReportTemplateData20from_analysis_results2_0B8_
FNDA:0,_RNCNvMNtNtCs2d2tQKB902M_18installer_analyzer9reporting9templatesNtB4_18ReportTemplateData20from_analysis_results3_0B8_
FNDA:0,_RNCNvMNtNtCs2d2tQKB902M_18installer_analyzer9reporting9templatesNtB4_18ReportTemplateData20from_analysis_results_0B8_
FNDA:0,_RNCNvMNtNtCs2d2tQKB902M_18installer_analyzer9reporting9templatesNtB4_18ReportTemplateData20insert_into_tree_vec0B8_
FNDA:0,_RNCNvMNtNtCs2d2tQKB902M_18installer_analyzer9reporting9templatesNtB4_18ReportTemplateData20insert_into_tree_vecs_0B8_
FNDA:0,_RNCNvMNtNtCs2d2tQKB902M_18installer_analyzer9reporting9templatesNtB4_18ReportTemplateData26create_registry_operations0B8_
FNDA:0,_RNvMNtNtCs2d2tQKB902M_18installer_analyzer9reporting9templatesNtB2_18ReportTemplateData13get_file_icon
FNDA:0,_RNvMNtNtCs2d2tQKB902M_18installer_analyzer9reporting9templatesNtB2_18ReportTemplateData13get_file_type
FNDA:0,_RNvMNtNtCs2d2tQKB902M_18installer_analyzer9reporting9templatesNtB2_18ReportTemplateData15build_file_tree
FNDA:0,_RNvMNtNtCs2d2tQKB902M_18installer_analyzer9reporting9templatesNtB2_18ReportTemplateData16insert_into_tree
FNDA:0,_RNvMNtNtCs2d2tQKB902M_18installer_analyzer9reporting9templatesNtB2_18ReportTemplateData18create_file_groups
FNDA:0,_RNvMNtNtCs2d2tQKB902M_18installer_analyzer9reporting9templatesNtB2_18ReportTemplateData18sort_tree_children
FNDA:0,_RNvMNtNtCs2d2tQKB902M_18installer_analyzer9reporting9templatesNtB2_18ReportTemplateData20calculate_chart_data
FNDA:0,_RNvMNtNtCs2d2tQKB902M_18installer_analyzer9reporting9templatesNtB2_18ReportTemplateData20create_security_data
FNDA:0,_RNvMNtNtCs2d2tQKB902M_18installer_analyzer9reporting9templatesNtB2_18ReportTemplateData20from_analysis_result
FNDA:0,_RNvMNtNtCs2d2tQKB902M_18installer_analyzer9reporting9templatesNtB2_18ReportTemplateData20insert_into_tree_vec
FNDA:0,_RNvMNtNtCs2d2tQKB902M_18installer_analyzer9reporting9templatesNtB2_18ReportTemplateData22create_file_group_data
FNDA:0,_RNvMNtNtCs2d2tQKB902M_18installer_analyzer9reporting9templatesNtB2_18ReportTemplateData26create_registry_operations
FNDA:0,_RNvNtNtCs2d2tQKB902M_18installer_analyzer9reporting9templates19get_report_template
FNF:28
FNH:0
DA:9,0
DA:10,0
DA:11,0
DA:12,0
DA:120,0
DA:121,0
DA:122,0
DA:123,0
DA:124,0
DA:125,0
DA:126,0
DA:127,0
DA:128,0
DA:129,0
DA:130,0
DA:131,0
DA:132,0
DA:133,0
DA:134,0
DA:135,0
DA:136,0
DA:137,0
DA:138,0
DA:139,0
DA:140,0
DA:141,0
DA:142,0
DA:143,0
DA:144,0
DA:145,0
DA:146,0
DA:147,0
DA:148,0
DA:149,0
DA:150,0
DA:151,0
DA:152,0
DA:153,0
DA:154,0
DA:155,0
DA:156,0
DA:157,0
DA:158,0
DA:159,0
DA:160,0
DA:161,0
DA:162,0
DA:163,0
DA:164,0
DA:165,0
DA:166,0
DA:167,0
DA:168,0
DA:169,0
DA:170,0
DA:171,0
DA:172,0
DA:173,0
DA:174,0
DA:175,0
DA:176,0
DA:178,0
DA:180,0
DA:181,0
DA:183,0
DA:185,0
DA:186,0
DA:188,0
DA:190,0
DA:191,0
DA:192,0
DA:193,0
DA:194,0
DA:195,0
DA:198,0
DA:199,0
DA:200,0
DA:201,0
DA:202,0
DA:204,0
DA:205,0
DA:206,0
DA:207,0
DA:208,0
DA:209,0
DA:210,0
DA:211,0
DA:212,0
DA:213,0
DA:214,0
DA:215,0
DA:216,0
DA:217,0
DA:218,0
DA:219,0
DA:220,0
DA:221,0
DA:222,0
DA:223,0
DA:224,0
DA:225,0
DA:226,0
DA:227,0
DA:230,0
DA:231,0
DA:232,0
DA:233,0
DA:234,0
DA:235,0
DA:236,0
DA:239,0
DA:241,0
DA:242,0
DA:243,0
DA:244,0
DA:246,0
DA:249,0
DA:250,0
DA:251,0
DA:252,0
DA:253,0
DA:254,0
DA:255,0
DA:256,0
DA:257,0
DA:260,0
DA:261,0
DA:262,0
DA:263,0
DA:264,0
DA:265,0
DA:266,0
DA:267,0
DA:268,0
DA:269,0
DA:270,0
DA:271,0
DA:273,0
DA:274,0
DA:275,0
DA:278,0
DA:279,0
DA:280,0
DA:281,0
DA:282,0
DA:284,0
DA:285,0
DA:286,0
DA:287,0
DA:288,0
DA:289,0
DA:290,0
DA:292,0
DA:293,0
DA:294,0
DA:295,0
DA:296,0
DA:297,0
DA:298,0
DA:300,0
DA:301,0
DA:302,0
DA:303,0
DA:304,0
DA:305,0
DA:306,0
DA:307,0
DA:308,0
DA:309,0
DA:310,0
DA:311,0
DA:312,0
DA:315,0
DA:316,0
DA:317,0
DA:318,0
DA:319,0
DA:320,0
DA:321,0
DA:322,0
DA:323,0
DA:324,0
DA:325,0
DA:326,0
DA:328,0
DA:329,0
DA:330,0
DA:331,0
DA:332,0
DA:334,0
DA:338,0
DA:339,0
DA:340,0
DA:341,0
DA:342,0
DA:343,0
DA:344,0
DA:345,0
DA:346,0
DA:348,0
DA:350,0
DA:351,0
DA:352,0
DA:355,0
DA:356,0
DA:357,0
DA:358,0
DA:359,0
DA:360,0
DA:362,0
DA:363,0
DA:364,0
DA:365,0
DA:366,0
DA:367,0
DA:368,0
DA:369,0
DA:370,0
DA:371,0
DA:372,0
DA:373,0
DA:374,0
DA:375,0
DA:376,0
DA:377,0
DA:378,0
DA:379,0
DA:380,0
DA:383,0
DA:384,0
DA:385,0
DA:386,0
DA:387,0
DA:390,0
DA:391,0
DA:392,0
DA:393,0
DA:395,0
DA:396,0
DA:397,0
DA:398,0
DA:399,0
DA:400,0
DA:401,0
DA:402,0
DA:403,0
DA:404,0
DA:405,0
DA:406,0
DA:407,0
DA:408,0
DA:409,0
DA:410,0
DA:411,0
DA:412,0
DA:413,0
DA:417,0
DA:418,0
DA:419,0
DA:420,0
DA:421,0
DA:422,0
DA:423,0
DA:425,0
DA:426,0
DA:427,0
DA:428,0
DA:429,0
DA:430,0
DA:431,0
DA:432,0
DA:433,0
DA:434,0
DA:435,0
DA:438,0
DA:439,0
DA:440,0
DA:441,0
DA:442,0
DA:443,0
DA:444,0
DA:445,0
DA:446,0
DA:447,0
DA:448,0
DA:449,0
DA:450,0
DA:451,0
DA:452,0
DA:453,0
DA:454,0
DA:455,0
DA:457,0
DA:458,0
DA:459,0
DA:460,0
DA:462,0
DA:464,0
DA:465,0
DA:466,0
DA:467,0
DA:469,0
DA:471,0
DA:472,0
DA:474,0
DA:476,0
DA:477,0
DA:479,0
DA:481,0
DA:482,0
DA:483,0
DA:484,0
DA:485,0
DA:487,0
DA:488,0
DA:489,0
DA:490,0
DA:491,0
DA:492,0
DA:493,0
DA:494,0
DA:495,0
DA:496,0
DA:497,0
DA:500,0
DA:501,0
DA:502,0
DA:503,0
DA:504,0
DA:505,0
DA:506,0
DA:507,0
DA:508,0
DA:509,0
DA:510,0
DA:511,0
DA:512,0
DA:513,0
DA:514,0
DA:515,0
DA:516,0
DA:517,0
DA:518,0
DA:519,0
DA:520,0
DA:522,0
DA:523,0
DA:524,0
DA:525,0
DA:527,0
DA:529,0
DA:530,0
DA:531,0
DA:532,0
DA:534,0
DA:536,0
DA:537,0
DA:539,0
DA:541,0
DA:542,0
DA:544,0
DA:546,0
DA:547,0
DA:548,0
DA:549,0
DA:550,0
DA:552,0
DA:553,0
DA:554,0
DA:555,0
DA:556,0
DA:557,0
DA:558,0
DA:559,0
DA:560,0
DA:561,0
DA:562,0
DA:565,0
DA:566,0
DA:567,0
DA:568,0
DA:569,0
DA:570,0
DA:571,0
DA:572,0
DA:573,0
DA:574,0
DA:575,0
DA:578,0
DA:579,0
DA:580,0
DA:581,0
DA:582,0
DA:583,0
DA:584,0
DA:585,0
DA:586,0
DA:587,0
DA:588,0
DA:589,0
DA:592,0
DA:594,0
DA:597,0
DA:598,0
DA:599,0
DA:600,0
DA:601,0
DA:602,0
DA:603,0
DA:604,0
DA:605,0
DA:607,0
DA:608,0
DA:609,0
DA:611,0
DA:612,0
DA:614,0
DA:617,0
DA:619,0
BRF:0
BRH:0
LF:437
LH:0
end_of_record
SF:C:\Users\hallong.hallong-PC3\Documents\augment-projects\installer-analysis\src\sandbox\controller.rs
FN:27,_RNCNvXs_NtNtCs2d2tQKB902M_18installer_analyzer7sandbox10controllerNtB6_17SandboxControllerNtB8_7Sandbox17analyze_installer0Ba_
FN:21,_RNvMNtNtCs2d2tQKB902M_18installer_analyzer7sandbox10controllerNtB2_17SandboxController11with_config
FN:14,_RNvMNtNtCs2d2tQKB902M_18installer_analyzer7sandbox10controllerNtB2_17SandboxController3new
FN:50,_RNvXs0_NtNtCs2d2tQKB902M_18installer_analyzer7sandbox10controllerNtB5_17SandboxControllerNtNtCsaDtq73Zt8sT_4core7default7Default7default
FN:44,_RNvXs_NtNtCs2d2tQKB902M_18installer_analyzer7sandbox10controllerNtB4_17SandboxControllerNtB6_7Sandbox10set_config
FN:27,_RNvXs_NtNtCs2d2tQKB902M_18installer_analyzer7sandbox10controllerNtB4_17SandboxControllerNtB6_7Sandbox17analyze_installer
FN:40,_RNvXs_NtNtCs2d2tQKB902M_18installer_analyzer7sandbox10controllerNtB4_17SandboxControllerNtB6_7Sandbox6config
FNDA:0,_RNCNvXs_NtNtCs2d2tQKB902M_18installer_analyzer7sandbox10controllerNtB6_17SandboxControllerNtB8_7Sandbox17analyze_installer0Ba_
FNDA:0,_RNvMNtNtCs2d2tQKB902M_18installer_analyzer7sandbox10controllerNtB2_17SandboxController11with_config
FNDA:0,_RNvMNtNtCs2d2tQKB902M_18installer_analyzer7sandbox10controllerNtB2_17SandboxController3new
FNDA:0,_RNvXs0_NtNtCs2d2tQKB902M_18installer_analyzer7sandbox10controllerNtB5_17SandboxControllerNtNtCsaDtq73Zt8sT_4core7default7Default7default
FNDA:0,_RNvXs_NtNtCs2d2tQKB902M_18installer_analyzer7sandbox10controllerNtB4_17SandboxControllerNtB6_7Sandbox10set_config
FNDA:0,_RNvXs_NtNtCs2d2tQKB902M_18installer_analyzer7sandbox10controllerNtB4_17SandboxControllerNtB6_7Sandbox17analyze_installer
FNDA:0,_RNvXs_NtNtCs2d2tQKB902M_18installer_analyzer7sandbox10controllerNtB4_17SandboxControllerNtB6_7Sandbox6config
FNF:7
FNH:0
DA:14,0
DA:15,0
DA:16,0
DA:17,0
DA:18,0
DA:21,0
DA:22,0
DA:23,0
DA:27,0
DA:28,0
DA:29,0
DA:30,0
DA:31,0
DA:32,0
DA:35,0
DA:36,0
DA:37,0
DA:38,0
DA:40,0
DA:41,0
DA:42,0
DA:44,0
DA:45,0
DA:46,0
DA:50,0
DA:51,0
DA:52,0
BRF:0
BRH:0
LF:28
LH:0
end_of_record
SF:C:\Users\hallong.hallong-PC3\Documents\augment-projects\installer-analysis\src\utils\mod.rs
FN:19,_RNCNvNtCs2d2tQKB902M_18installer_analyzer5utils12init_logging0B5_
FN:65,_RNCNvNtCs2d2tQKB902M_18installer_analyzer5utils13validate_path0B5_
FN:7,_RNvNtCs2d2tQKB902M_18installer_analyzer5utils12init_logging
FN:65,_RNvNtCs2d2tQKB902M_18installer_analyzer5utils13validate_path
FN:99,_RNvNtCs2d2tQKB902M_18installer_analyzer5utils15format_duration
FN:81,_RNvNtCs2d2tQKB902M_18installer_analyzer5utils16format_file_size
FN:28,_RNvNtCs2d2tQKB902M_18installer_analyzer5utils8is_admin
FNDA:0,_RNCNvNtCs2d2tQKB902M_18installer_analyzer5utils12init_logging0B5_
FNDA:0,_RNCNvNtCs2d2tQKB902M_18installer_analyzer5utils13validate_path0B5_
FNDA:0,_RNvNtCs2d2tQKB902M_18installer_analyzer5utils12init_logging
FNDA:0,_RNvNtCs2d2tQKB902M_18installer_analyzer5utils13validate_path
FNDA:0,_RNvNtCs2d2tQKB902M_18installer_analyzer5utils15format_duration
FNDA:0,_RNvNtCs2d2tQKB902M_18installer_analyzer5utils16format_file_size
FNDA:0,_RNvNtCs2d2tQKB902M_18installer_analyzer5utils8is_admin
FNF:7
FNH:0
DA:7,0
DA:10,0
DA:11,0
DA:13,0
DA:16,0
DA:17,0
DA:18,0
DA:19,0
DA:20,0
DA:21,0
DA:22,0
DA:23,0
DA:24,0
DA:25,0
DA:28,0
DA:39,0
DA:40,0
DA:41,0
DA:42,0
DA:43,0
DA:44,0
DA:45,0
DA:46,0
DA:47,0
DA:48,0
DA:49,0
DA:50,0
DA:51,0
DA:52,0
DA:53,0
DA:54,0
DA:55,0
DA:56,0
DA:57,0
DA:61,0
DA:62,0
DA:65,0
DA:66,0
DA:67,0
DA:68,0
DA:69,0
DA:70,0
DA:71,0
DA:72,0
DA:73,0
DA:74,0
DA:75,0
DA:76,0
DA:77,0
DA:78,0
DA:81,0
DA:83,0
DA:84,0
DA:86,0
DA:87,0
DA:88,0
DA:89,0
DA:91,0
DA:92,0
DA:94,0
DA:96,0
DA:99,0
DA:100,0
DA:101,0
DA:102,0
DA:103,0
DA:104,0
DA:105,0
DA:106,0
DA:107,0
DA:108,0
DA:109,0
DA:110,0
DA:111,0
DA:113,0
DA:115,0
BRF:0
BRH:0
LF:78
LH:0
end_of_record